[2024-01-06T20:28:54.827+0000] {processor.py:154} INFO - Started process (PID=52) to work on /home/airflow/.local/lib/python3.7/site-packages/airflow/example_dags/example_trigger_target_dag.py
[2024-01-06T20:28:54.830+0000] {processor.py:756} INFO - Processing file /home/airflow/.local/lib/python3.7/site-packages/airflow/example_dags/example_trigger_target_dag.py for tasks to queue
[2024-01-06T20:28:54.837+0000] {logging_mixin.py:120} INFO - [2024-01-06T20:28:54.836+0000] {dagbag.py:537} INFO - Filling up the DagBag from /home/airflow/.local/lib/python3.7/site-packages/airflow/example_dags/example_trigger_target_dag.py
[2024-01-06T20:28:55.034+0000] {processor.py:766} INFO - DAG(s) dict_keys(['example_trigger_target_dag']) retrieved from /home/airflow/.local/lib/python3.7/site-packages/airflow/example_dags/example_trigger_target_dag.py
[2024-01-06T20:28:57.124+0000] {logging_mixin.py:120} INFO - [2024-01-06T20:28:57.119+0000] {manager.py:507} INFO - Created Permission View: can read on DAG:example_trigger_target_dag
[2024-01-06T20:28:57.291+0000] {logging_mixin.py:120} INFO - [2024-01-06T20:28:57.290+0000] {manager.py:507} INFO - Created Permission View: can delete on DAG:example_trigger_target_dag
[2024-01-06T20:28:57.392+0000] {logging_mixin.py:120} INFO - [2024-01-06T20:28:57.392+0000] {manager.py:507} INFO - Created Permission View: can edit on DAG:example_trigger_target_dag
[2024-01-06T20:28:57.398+0000] {logging_mixin.py:120} INFO - [2024-01-06T20:28:57.398+0000] {dag.py:2585} INFO - Sync 1 DAGs
[2024-01-06T20:28:57.566+0000] {logging_mixin.py:120} INFO - [2024-01-06T20:28:57.564+0000] {dag.py:2606} INFO - Creating ORM DAG for example_trigger_target_dag
[2024-01-06T20:28:57.829+0000] {logging_mixin.py:120} INFO - [2024-01-06T20:28:57.825+0000] {dag.py:3340} INFO - Setting next_dagrun for example_trigger_target_dag to None, run_after=None
[2024-01-06T20:28:58.322+0000] {processor.py:176} INFO - Processing /home/airflow/.local/lib/python3.7/site-packages/airflow/example_dags/example_trigger_target_dag.py took 3.523 seconds
[2024-01-06T20:29:29.580+0000] {processor.py:154} INFO - Started process (PID=109) to work on /home/airflow/.local/lib/python3.7/site-packages/airflow/example_dags/example_trigger_target_dag.py
[2024-01-06T20:29:29.588+0000] {processor.py:756} INFO - Processing file /home/airflow/.local/lib/python3.7/site-packages/airflow/example_dags/example_trigger_target_dag.py for tasks to queue
[2024-01-06T20:29:29.602+0000] {logging_mixin.py:120} INFO - [2024-01-06T20:29:29.599+0000] {dagbag.py:537} INFO - Filling up the DagBag from /home/airflow/.local/lib/python3.7/site-packages/airflow/example_dags/example_trigger_target_dag.py
[2024-01-06T20:29:30.048+0000] {processor.py:766} INFO - DAG(s) dict_keys(['example_trigger_target_dag']) retrieved from /home/airflow/.local/lib/python3.7/site-packages/airflow/example_dags/example_trigger_target_dag.py
[2024-01-06T20:29:31.731+0000] {logging_mixin.py:120} INFO - [2024-01-06T20:29:31.729+0000] {dag.py:2585} INFO - Sync 1 DAGs
[2024-01-06T20:29:32.094+0000] {logging_mixin.py:120} INFO - [2024-01-06T20:29:32.089+0000] {dag.py:3340} INFO - Setting next_dagrun for example_trigger_target_dag to None, run_after=None
[2024-01-06T20:29:33.279+0000] {processor.py:176} INFO - Processing /home/airflow/.local/lib/python3.7/site-packages/airflow/example_dags/example_trigger_target_dag.py took 3.753 seconds
[2024-01-06T20:30:19.004+0000] {processor.py:154} INFO - Started process (PID=165) to work on /home/airflow/.local/lib/python3.7/site-packages/airflow/example_dags/example_trigger_target_dag.py
[2024-01-06T20:30:19.057+0000] {processor.py:756} INFO - Processing file /home/airflow/.local/lib/python3.7/site-packages/airflow/example_dags/example_trigger_target_dag.py for tasks to queue
[2024-01-06T20:30:19.081+0000] {logging_mixin.py:120} INFO - [2024-01-06T20:30:19.080+0000] {dagbag.py:537} INFO - Filling up the DagBag from /home/airflow/.local/lib/python3.7/site-packages/airflow/example_dags/example_trigger_target_dag.py
[2024-01-06T20:30:19.548+0000] {processor.py:766} INFO - DAG(s) dict_keys(['example_trigger_target_dag']) retrieved from /home/airflow/.local/lib/python3.7/site-packages/airflow/example_dags/example_trigger_target_dag.py
[2024-01-06T20:30:20.025+0000] {logging_mixin.py:120} INFO - [2024-01-06T20:30:20.025+0000] {dag.py:2585} INFO - Sync 1 DAGs
[2024-01-06T20:30:20.211+0000] {logging_mixin.py:120} INFO - [2024-01-06T20:30:20.211+0000] {dag.py:3340} INFO - Setting next_dagrun for example_trigger_target_dag to None, run_after=None
[2024-01-06T20:30:20.364+0000] {processor.py:176} INFO - Processing /home/airflow/.local/lib/python3.7/site-packages/airflow/example_dags/example_trigger_target_dag.py took 1.482 seconds
[2024-01-06T20:31:22.430+0000] {processor.py:154} INFO - Started process (PID=71) to work on /home/airflow/.local/lib/python3.7/site-packages/airflow/example_dags/example_trigger_target_dag.py
[2024-01-06T20:31:22.436+0000] {processor.py:756} INFO - Processing file /home/airflow/.local/lib/python3.7/site-packages/airflow/example_dags/example_trigger_target_dag.py for tasks to queue
[2024-01-06T20:31:22.444+0000] {logging_mixin.py:120} INFO - [2024-01-06T20:31:22.443+0000] {dagbag.py:537} INFO - Filling up the DagBag from /home/airflow/.local/lib/python3.7/site-packages/airflow/example_dags/example_trigger_target_dag.py
[2024-01-06T20:31:22.629+0000] {processor.py:766} INFO - DAG(s) dict_keys(['example_trigger_target_dag']) retrieved from /home/airflow/.local/lib/python3.7/site-packages/airflow/example_dags/example_trigger_target_dag.py
[2024-01-06T20:31:22.840+0000] {logging_mixin.py:120} INFO - [2024-01-06T20:31:22.840+0000] {dag.py:2585} INFO - Sync 1 DAGs
[2024-01-06T20:31:22.929+0000] {logging_mixin.py:120} INFO - [2024-01-06T20:31:22.929+0000] {dag.py:3340} INFO - Setting next_dagrun for example_trigger_target_dag to None, run_after=None
[2024-01-06T20:31:22.994+0000] {processor.py:176} INFO - Processing /home/airflow/.local/lib/python3.7/site-packages/airflow/example_dags/example_trigger_target_dag.py took 0.588 seconds
[2024-01-06T20:32:41.921+0000] {processor.py:154} INFO - Started process (PID=143) to work on /home/airflow/.local/lib/python3.7/site-packages/airflow/example_dags/example_trigger_target_dag.py
[2024-01-06T20:32:41.963+0000] {processor.py:756} INFO - Processing file /home/airflow/.local/lib/python3.7/site-packages/airflow/example_dags/example_trigger_target_dag.py for tasks to queue
[2024-01-06T20:32:41.970+0000] {logging_mixin.py:120} INFO - [2024-01-06T20:32:41.969+0000] {dagbag.py:537} INFO - Filling up the DagBag from /home/airflow/.local/lib/python3.7/site-packages/airflow/example_dags/example_trigger_target_dag.py
[2024-01-06T20:32:42.191+0000] {processor.py:766} INFO - DAG(s) dict_keys(['example_trigger_target_dag']) retrieved from /home/airflow/.local/lib/python3.7/site-packages/airflow/example_dags/example_trigger_target_dag.py
[2024-01-06T20:32:42.427+0000] {logging_mixin.py:120} INFO - [2024-01-06T20:32:42.426+0000] {dag.py:2585} INFO - Sync 1 DAGs
[2024-01-06T20:32:42.534+0000] {logging_mixin.py:120} INFO - [2024-01-06T20:32:42.531+0000] {dag.py:3340} INFO - Setting next_dagrun for example_trigger_target_dag to None, run_after=None
[2024-01-06T20:32:42.665+0000] {processor.py:176} INFO - Processing /home/airflow/.local/lib/python3.7/site-packages/airflow/example_dags/example_trigger_target_dag.py took 0.803 seconds
[2024-01-06T20:33:34.526+0000] {processor.py:154} INFO - Started process (PID=52) to work on /home/airflow/.local/lib/python3.7/site-packages/airflow/example_dags/example_trigger_target_dag.py
[2024-01-06T20:33:34.532+0000] {processor.py:756} INFO - Processing file /home/airflow/.local/lib/python3.7/site-packages/airflow/example_dags/example_trigger_target_dag.py for tasks to queue
[2024-01-06T20:33:34.534+0000] {logging_mixin.py:120} INFO - [2024-01-06T20:33:34.534+0000] {dagbag.py:537} INFO - Filling up the DagBag from /home/airflow/.local/lib/python3.7/site-packages/airflow/example_dags/example_trigger_target_dag.py
[2024-01-06T20:33:34.559+0000] {processor.py:766} INFO - DAG(s) dict_keys(['example_trigger_target_dag']) retrieved from /home/airflow/.local/lib/python3.7/site-packages/airflow/example_dags/example_trigger_target_dag.py
[2024-01-06T20:33:34.623+0000] {logging_mixin.py:120} INFO - [2024-01-06T20:33:34.622+0000] {dag.py:2585} INFO - Sync 1 DAGs
[2024-01-06T20:33:34.683+0000] {logging_mixin.py:120} INFO - [2024-01-06T20:33:34.682+0000] {dag.py:3340} INFO - Setting next_dagrun for example_trigger_target_dag to None, run_after=None
[2024-01-06T20:33:34.749+0000] {processor.py:176} INFO - Processing /home/airflow/.local/lib/python3.7/site-packages/airflow/example_dags/example_trigger_target_dag.py took 0.228 seconds
