[2024-01-06T20:29:15.953+0000] {processor.py:154} INFO - Started process (PID=67) to work on /home/airflow/.local/lib/python3.7/site-packages/airflow/example_dags/example_short_circuit_decorator.py
[2024-01-06T20:29:15.958+0000] {processor.py:756} INFO - Processing file /home/airflow/.local/lib/python3.7/site-packages/airflow/example_dags/example_short_circuit_decorator.py for tasks to queue
[2024-01-06T20:29:15.972+0000] {logging_mixin.py:120} INFO - [2024-01-06T20:29:15.971+0000] {dagbag.py:537} INFO - Filling up the DagBag from /home/airflow/.local/lib/python3.7/site-packages/airflow/example_dags/example_short_circuit_decorator.py
[2024-01-06T20:29:16.221+0000] {processor.py:766} INFO - DAG(s) dict_keys(['example_short_circuit_decorator']) retrieved from /home/airflow/.local/lib/python3.7/site-packages/airflow/example_dags/example_short_circuit_decorator.py
[2024-01-06T20:29:16.508+0000] {logging_mixin.py:120} INFO - [2024-01-06T20:29:16.508+0000] {manager.py:507} INFO - Created Permission View: can read on DAG:example_short_circuit_decorator
[2024-01-06T20:29:16.528+0000] {logging_mixin.py:120} INFO - [2024-01-06T20:29:16.528+0000] {manager.py:507} INFO - Created Permission View: can delete on DAG:example_short_circuit_decorator
[2024-01-06T20:29:16.541+0000] {logging_mixin.py:120} INFO - [2024-01-06T20:29:16.540+0000] {manager.py:507} INFO - Created Permission View: can edit on DAG:example_short_circuit_decorator
[2024-01-06T20:29:16.545+0000] {logging_mixin.py:120} INFO - [2024-01-06T20:29:16.542+0000] {dag.py:2585} INFO - Sync 1 DAGs
[2024-01-06T20:29:16.586+0000] {logging_mixin.py:120} INFO - [2024-01-06T20:29:16.586+0000] {dag.py:2606} INFO - Creating ORM DAG for example_short_circuit_decorator
[2024-01-06T20:29:16.610+0000] {logging_mixin.py:120} INFO - [2024-01-06T20:29:16.610+0000] {dag.py:3340} INFO - Setting next_dagrun for example_short_circuit_decorator to 2024-01-05T20:29:16.609678+00:00, run_after=2024-01-06T20:29:16.609678+00:00
[2024-01-06T20:29:16.658+0000] {processor.py:176} INFO - Processing /home/airflow/.local/lib/python3.7/site-packages/airflow/example_dags/example_short_circuit_decorator.py took 0.749 seconds
[2024-01-06T20:29:56.608+0000] {processor.py:154} INFO - Started process (PID=124) to work on /home/airflow/.local/lib/python3.7/site-packages/airflow/example_dags/example_short_circuit_decorator.py
[2024-01-06T20:29:56.611+0000] {processor.py:756} INFO - Processing file /home/airflow/.local/lib/python3.7/site-packages/airflow/example_dags/example_short_circuit_decorator.py for tasks to queue
[2024-01-06T20:29:56.614+0000] {logging_mixin.py:120} INFO - [2024-01-06T20:29:56.614+0000] {dagbag.py:537} INFO - Filling up the DagBag from /home/airflow/.local/lib/python3.7/site-packages/airflow/example_dags/example_short_circuit_decorator.py
[2024-01-06T20:29:56.831+0000] {processor.py:766} INFO - DAG(s) dict_keys(['example_short_circuit_decorator']) retrieved from /home/airflow/.local/lib/python3.7/site-packages/airflow/example_dags/example_short_circuit_decorator.py
[2024-01-06T20:29:57.011+0000] {logging_mixin.py:120} INFO - [2024-01-06T20:29:57.011+0000] {dag.py:2585} INFO - Sync 1 DAGs
[2024-01-06T20:29:57.110+0000] {logging_mixin.py:120} INFO - [2024-01-06T20:29:57.109+0000] {dag.py:3340} INFO - Setting next_dagrun for example_short_circuit_decorator to 2024-01-05T20:29:57.108568+00:00, run_after=2024-01-06T20:29:57.108568+00:00
[2024-01-06T20:29:57.268+0000] {processor.py:176} INFO - Processing /home/airflow/.local/lib/python3.7/site-packages/airflow/example_dags/example_short_circuit_decorator.py took 0.680 seconds
[2024-01-06T20:31:24.062+0000] {processor.py:154} INFO - Started process (PID=76) to work on /home/airflow/.local/lib/python3.7/site-packages/airflow/example_dags/example_short_circuit_decorator.py
[2024-01-06T20:31:24.073+0000] {processor.py:756} INFO - Processing file /home/airflow/.local/lib/python3.7/site-packages/airflow/example_dags/example_short_circuit_decorator.py for tasks to queue
[2024-01-06T20:31:24.076+0000] {logging_mixin.py:120} INFO - [2024-01-06T20:31:24.076+0000] {dagbag.py:537} INFO - Filling up the DagBag from /home/airflow/.local/lib/python3.7/site-packages/airflow/example_dags/example_short_circuit_decorator.py
[2024-01-06T20:31:24.200+0000] {processor.py:766} INFO - DAG(s) dict_keys(['example_short_circuit_decorator']) retrieved from /home/airflow/.local/lib/python3.7/site-packages/airflow/example_dags/example_short_circuit_decorator.py
[2024-01-06T20:31:24.365+0000] {logging_mixin.py:120} INFO - [2024-01-06T20:31:24.365+0000] {dag.py:2585} INFO - Sync 1 DAGs
[2024-01-06T20:31:24.490+0000] {logging_mixin.py:120} INFO - [2024-01-06T20:31:24.490+0000] {dag.py:3340} INFO - Setting next_dagrun for example_short_circuit_decorator to 2024-01-05T20:31:24.489958+00:00, run_after=2024-01-06T20:31:24.489958+00:00
[2024-01-06T20:31:24.600+0000] {processor.py:176} INFO - Processing /home/airflow/.local/lib/python3.7/site-packages/airflow/example_dags/example_short_circuit_decorator.py took 0.552 seconds
[2024-01-06T20:32:45.309+0000] {processor.py:154} INFO - Started process (PID=149) to work on /home/airflow/.local/lib/python3.7/site-packages/airflow/example_dags/example_short_circuit_decorator.py
[2024-01-06T20:32:45.313+0000] {processor.py:756} INFO - Processing file /home/airflow/.local/lib/python3.7/site-packages/airflow/example_dags/example_short_circuit_decorator.py for tasks to queue
[2024-01-06T20:32:45.320+0000] {logging_mixin.py:120} INFO - [2024-01-06T20:32:45.320+0000] {dagbag.py:537} INFO - Filling up the DagBag from /home/airflow/.local/lib/python3.7/site-packages/airflow/example_dags/example_short_circuit_decorator.py
[2024-01-06T20:32:45.461+0000] {processor.py:766} INFO - DAG(s) dict_keys(['example_short_circuit_decorator']) retrieved from /home/airflow/.local/lib/python3.7/site-packages/airflow/example_dags/example_short_circuit_decorator.py
[2024-01-06T20:32:45.856+0000] {logging_mixin.py:120} INFO - [2024-01-06T20:32:45.850+0000] {dag.py:2585} INFO - Sync 1 DAGs
[2024-01-06T20:32:46.018+0000] {logging_mixin.py:120} INFO - [2024-01-06T20:32:46.017+0000] {dag.py:3340} INFO - Setting next_dagrun for example_short_circuit_decorator to 2024-01-05T20:32:46.015599+00:00, run_after=2024-01-06T20:32:46.015599+00:00
[2024-01-06T20:32:46.101+0000] {processor.py:176} INFO - Processing /home/airflow/.local/lib/python3.7/site-packages/airflow/example_dags/example_short_circuit_decorator.py took 0.811 seconds
[2024-01-06T20:33:35.324+0000] {processor.py:154} INFO - Started process (PID=57) to work on /home/airflow/.local/lib/python3.7/site-packages/airflow/example_dags/example_short_circuit_decorator.py
[2024-01-06T20:33:35.329+0000] {processor.py:756} INFO - Processing file /home/airflow/.local/lib/python3.7/site-packages/airflow/example_dags/example_short_circuit_decorator.py for tasks to queue
[2024-01-06T20:33:35.332+0000] {logging_mixin.py:120} INFO - [2024-01-06T20:33:35.332+0000] {dagbag.py:537} INFO - Filling up the DagBag from /home/airflow/.local/lib/python3.7/site-packages/airflow/example_dags/example_short_circuit_decorator.py
[2024-01-06T20:33:35.371+0000] {processor.py:766} INFO - DAG(s) dict_keys(['example_short_circuit_decorator']) retrieved from /home/airflow/.local/lib/python3.7/site-packages/airflow/example_dags/example_short_circuit_decorator.py
[2024-01-06T20:33:35.428+0000] {logging_mixin.py:120} INFO - [2024-01-06T20:33:35.428+0000] {dag.py:2585} INFO - Sync 1 DAGs
[2024-01-06T20:33:35.459+0000] {logging_mixin.py:120} INFO - [2024-01-06T20:33:35.458+0000] {dag.py:3340} INFO - Setting next_dagrun for example_short_circuit_decorator to 2024-01-05T20:33:35.458320+00:00, run_after=2024-01-06T20:33:35.458320+00:00
[2024-01-06T20:33:35.503+0000] {processor.py:176} INFO - Processing /home/airflow/.local/lib/python3.7/site-packages/airflow/example_dags/example_short_circuit_decorator.py took 0.183 seconds
