[2024-01-06T20:29:18.209+0000] {processor.py:154} INFO - Started process (PID=73) to work on /home/airflow/.local/lib/python3.7/site-packages/airflow/example_dags/example_branch_python_dop_operator_3.py
[2024-01-06T20:29:18.217+0000] {processor.py:756} INFO - Processing file /home/airflow/.local/lib/python3.7/site-packages/airflow/example_dags/example_branch_python_dop_operator_3.py for tasks to queue
[2024-01-06T20:29:18.220+0000] {logging_mixin.py:120} INFO - [2024-01-06T20:29:18.220+0000] {dagbag.py:537} INFO - Filling up the DagBag from /home/airflow/.local/lib/python3.7/site-packages/airflow/example_dags/example_branch_python_dop_operator_3.py
[2024-01-06T20:29:18.338+0000] {processor.py:766} INFO - DAG(s) dict_keys(['example_branch_dop_operator_v3']) retrieved from /home/airflow/.local/lib/python3.7/site-packages/airflow/example_dags/example_branch_python_dop_operator_3.py
[2024-01-06T20:29:18.723+0000] {logging_mixin.py:120} INFO - [2024-01-06T20:29:18.722+0000] {manager.py:507} INFO - Created Permission View: can read on DAG:example_branch_dop_operator_v3
[2024-01-06T20:29:18.747+0000] {logging_mixin.py:120} INFO - [2024-01-06T20:29:18.747+0000] {manager.py:507} INFO - Created Permission View: can delete on DAG:example_branch_dop_operator_v3
[2024-01-06T20:29:18.767+0000] {logging_mixin.py:120} INFO - [2024-01-06T20:29:18.767+0000] {manager.py:507} INFO - Created Permission View: can edit on DAG:example_branch_dop_operator_v3
[2024-01-06T20:29:18.772+0000] {logging_mixin.py:120} INFO - [2024-01-06T20:29:18.772+0000] {dag.py:2585} INFO - Sync 1 DAGs
[2024-01-06T20:29:18.791+0000] {logging_mixin.py:120} INFO - [2024-01-06T20:29:18.791+0000] {dag.py:2606} INFO - Creating ORM DAG for example_branch_dop_operator_v3
[2024-01-06T20:29:18.841+0000] {logging_mixin.py:120} INFO - [2024-01-06T20:29:18.841+0000] {dag.py:3340} INFO - Setting next_dagrun for example_branch_dop_operator_v3 to 2024-01-06T20:28:00+00:00, run_after=2024-01-06T20:29:00+00:00
[2024-01-06T20:29:18.877+0000] {processor.py:176} INFO - Processing /home/airflow/.local/lib/python3.7/site-packages/airflow/example_dags/example_branch_python_dop_operator_3.py took 0.674 seconds
[2024-01-06T20:30:03.589+0000] {processor.py:154} INFO - Started process (PID=146) to work on /home/airflow/.local/lib/python3.7/site-packages/airflow/example_dags/example_branch_python_dop_operator_3.py
[2024-01-06T20:30:03.618+0000] {processor.py:756} INFO - Processing file /home/airflow/.local/lib/python3.7/site-packages/airflow/example_dags/example_branch_python_dop_operator_3.py for tasks to queue
[2024-01-06T20:30:03.645+0000] {logging_mixin.py:120} INFO - [2024-01-06T20:30:03.631+0000] {dagbag.py:537} INFO - Filling up the DagBag from /home/airflow/.local/lib/python3.7/site-packages/airflow/example_dags/example_branch_python_dop_operator_3.py
[2024-01-06T20:30:03.930+0000] {processor.py:766} INFO - DAG(s) dict_keys(['example_branch_dop_operator_v3']) retrieved from /home/airflow/.local/lib/python3.7/site-packages/airflow/example_dags/example_branch_python_dop_operator_3.py
[2024-01-06T20:30:04.383+0000] {logging_mixin.py:120} INFO - [2024-01-06T20:30:04.381+0000] {dag.py:2585} INFO - Sync 1 DAGs
[2024-01-06T20:30:04.636+0000] {logging_mixin.py:120} INFO - [2024-01-06T20:30:04.636+0000] {dag.py:3340} INFO - Setting next_dagrun for example_branch_dop_operator_v3 to 2024-01-06T20:29:00+00:00, run_after=2024-01-06T20:30:00+00:00
[2024-01-06T20:30:04.761+0000] {processor.py:176} INFO - Processing /home/airflow/.local/lib/python3.7/site-packages/airflow/example_dags/example_branch_python_dop_operator_3.py took 1.225 seconds
[2024-01-06T20:31:26.245+0000] {processor.py:154} INFO - Started process (PID=82) to work on /home/airflow/.local/lib/python3.7/site-packages/airflow/example_dags/example_branch_python_dop_operator_3.py
[2024-01-06T20:31:26.250+0000] {processor.py:756} INFO - Processing file /home/airflow/.local/lib/python3.7/site-packages/airflow/example_dags/example_branch_python_dop_operator_3.py for tasks to queue
[2024-01-06T20:31:26.253+0000] {logging_mixin.py:120} INFO - [2024-01-06T20:31:26.253+0000] {dagbag.py:537} INFO - Filling up the DagBag from /home/airflow/.local/lib/python3.7/site-packages/airflow/example_dags/example_branch_python_dop_operator_3.py
[2024-01-06T20:31:26.317+0000] {processor.py:766} INFO - DAG(s) dict_keys(['example_branch_dop_operator_v3']) retrieved from /home/airflow/.local/lib/python3.7/site-packages/airflow/example_dags/example_branch_python_dop_operator_3.py
[2024-01-06T20:31:26.450+0000] {logging_mixin.py:120} INFO - [2024-01-06T20:31:26.450+0000] {dag.py:2585} INFO - Sync 1 DAGs
[2024-01-06T20:31:26.543+0000] {logging_mixin.py:120} INFO - [2024-01-06T20:31:26.543+0000] {dag.py:3340} INFO - Setting next_dagrun for example_branch_dop_operator_v3 to 2024-01-06T20:30:00+00:00, run_after=2024-01-06T20:31:00+00:00
[2024-01-06T20:31:26.622+0000] {processor.py:176} INFO - Processing /home/airflow/.local/lib/python3.7/site-packages/airflow/example_dags/example_branch_python_dop_operator_3.py took 0.382 seconds
[2024-01-06T20:32:48.080+0000] {processor.py:154} INFO - Started process (PID=155) to work on /home/airflow/.local/lib/python3.7/site-packages/airflow/example_dags/example_branch_python_dop_operator_3.py
[2024-01-06T20:32:48.084+0000] {processor.py:756} INFO - Processing file /home/airflow/.local/lib/python3.7/site-packages/airflow/example_dags/example_branch_python_dop_operator_3.py for tasks to queue
[2024-01-06T20:32:48.087+0000] {logging_mixin.py:120} INFO - [2024-01-06T20:32:48.087+0000] {dagbag.py:537} INFO - Filling up the DagBag from /home/airflow/.local/lib/python3.7/site-packages/airflow/example_dags/example_branch_python_dop_operator_3.py
[2024-01-06T20:32:48.115+0000] {processor.py:766} INFO - DAG(s) dict_keys(['example_branch_dop_operator_v3']) retrieved from /home/airflow/.local/lib/python3.7/site-packages/airflow/example_dags/example_branch_python_dop_operator_3.py
[2024-01-06T20:32:48.197+0000] {logging_mixin.py:120} INFO - [2024-01-06T20:32:48.197+0000] {dag.py:2585} INFO - Sync 1 DAGs
[2024-01-06T20:32:48.238+0000] {logging_mixin.py:120} INFO - [2024-01-06T20:32:48.238+0000] {dag.py:3340} INFO - Setting next_dagrun for example_branch_dop_operator_v3 to 2024-01-06T20:31:00+00:00, run_after=2024-01-06T20:32:00+00:00
[2024-01-06T20:32:48.292+0000] {processor.py:176} INFO - Processing /home/airflow/.local/lib/python3.7/site-packages/airflow/example_dags/example_branch_python_dop_operator_3.py took 0.216 seconds
[2024-01-06T20:33:35.966+0000] {processor.py:154} INFO - Started process (PID=63) to work on /home/airflow/.local/lib/python3.7/site-packages/airflow/example_dags/example_branch_python_dop_operator_3.py
[2024-01-06T20:33:35.968+0000] {processor.py:756} INFO - Processing file /home/airflow/.local/lib/python3.7/site-packages/airflow/example_dags/example_branch_python_dop_operator_3.py for tasks to queue
[2024-01-06T20:33:35.969+0000] {logging_mixin.py:120} INFO - [2024-01-06T20:33:35.969+0000] {dagbag.py:537} INFO - Filling up the DagBag from /home/airflow/.local/lib/python3.7/site-packages/airflow/example_dags/example_branch_python_dop_operator_3.py
[2024-01-06T20:33:35.991+0000] {processor.py:766} INFO - DAG(s) dict_keys(['example_branch_dop_operator_v3']) retrieved from /home/airflow/.local/lib/python3.7/site-packages/airflow/example_dags/example_branch_python_dop_operator_3.py
[2024-01-06T20:33:36.032+0000] {logging_mixin.py:120} INFO - [2024-01-06T20:33:36.031+0000] {dag.py:2585} INFO - Sync 1 DAGs
[2024-01-06T20:33:36.062+0000] {logging_mixin.py:120} INFO - [2024-01-06T20:33:36.061+0000] {dag.py:3340} INFO - Setting next_dagrun for example_branch_dop_operator_v3 to 2024-01-06T20:32:00+00:00, run_after=2024-01-06T20:33:00+00:00
[2024-01-06T20:33:36.093+0000] {processor.py:176} INFO - Processing /home/airflow/.local/lib/python3.7/site-packages/airflow/example_dags/example_branch_python_dop_operator_3.py took 0.131 seconds
