[2024-01-06T20:28:51.491+0000] {processor.py:154} INFO - Started process (PID=47) to work on /home/airflow/.local/lib/python3.7/site-packages/airflow/example_dags/example_task_group.py
[2024-01-06T20:28:51.497+0000] {processor.py:756} INFO - Processing file /home/airflow/.local/lib/python3.7/site-packages/airflow/example_dags/example_task_group.py for tasks to queue
[2024-01-06T20:28:51.503+0000] {logging_mixin.py:120} INFO - [2024-01-06T20:28:51.503+0000] {dagbag.py:537} INFO - Filling up the DagBag from /home/airflow/.local/lib/python3.7/site-packages/airflow/example_dags/example_task_group.py
[2024-01-06T20:28:51.670+0000] {processor.py:766} INFO - DAG(s) dict_keys(['example_task_group']) retrieved from /home/airflow/.local/lib/python3.7/site-packages/airflow/example_dags/example_task_group.py
[2024-01-06T20:28:53.037+0000] {logging_mixin.py:120} INFO - [2024-01-06T20:28:53.036+0000] {manager.py:507} INFO - Created Permission View: can read on DAG:example_task_group
[2024-01-06T20:28:53.094+0000] {logging_mixin.py:120} INFO - [2024-01-06T20:28:53.093+0000] {manager.py:507} INFO - Created Permission View: can delete on DAG:example_task_group
[2024-01-06T20:28:53.208+0000] {logging_mixin.py:120} INFO - [2024-01-06T20:28:53.208+0000] {manager.py:507} INFO - Created Permission View: can edit on DAG:example_task_group
[2024-01-06T20:28:53.215+0000] {logging_mixin.py:120} INFO - [2024-01-06T20:28:53.215+0000] {dag.py:2585} INFO - Sync 1 DAGs
[2024-01-06T20:28:53.474+0000] {logging_mixin.py:120} INFO - [2024-01-06T20:28:53.473+0000] {dag.py:2606} INFO - Creating ORM DAG for example_task_group
[2024-01-06T20:28:53.620+0000] {logging_mixin.py:120} INFO - [2024-01-06T20:28:53.620+0000] {dag.py:3340} INFO - Setting next_dagrun for example_task_group to 2024-01-05T20:28:53.607189+00:00, run_after=2024-01-06T20:28:53.607189+00:00
[2024-01-06T20:28:53.835+0000] {processor.py:176} INFO - Processing /home/airflow/.local/lib/python3.7/site-packages/airflow/example_dags/example_task_group.py took 2.359 seconds
[2024-01-06T20:29:24.914+0000] {processor.py:154} INFO - Started process (PID=95) to work on /home/airflow/.local/lib/python3.7/site-packages/airflow/example_dags/example_task_group.py
[2024-01-06T20:29:24.936+0000] {processor.py:756} INFO - Processing file /home/airflow/.local/lib/python3.7/site-packages/airflow/example_dags/example_task_group.py for tasks to queue
[2024-01-06T20:29:24.942+0000] {logging_mixin.py:120} INFO - [2024-01-06T20:29:24.941+0000] {dagbag.py:537} INFO - Filling up the DagBag from /home/airflow/.local/lib/python3.7/site-packages/airflow/example_dags/example_task_group.py
[2024-01-06T20:29:24.988+0000] {processor.py:766} INFO - DAG(s) dict_keys(['example_task_group']) retrieved from /home/airflow/.local/lib/python3.7/site-packages/airflow/example_dags/example_task_group.py
[2024-01-06T20:29:25.094+0000] {logging_mixin.py:120} INFO - [2024-01-06T20:29:25.094+0000] {dag.py:2585} INFO - Sync 1 DAGs
[2024-01-06T20:29:25.149+0000] {logging_mixin.py:120} INFO - [2024-01-06T20:29:25.148+0000] {dag.py:3340} INFO - Setting next_dagrun for example_task_group to 2024-01-05T20:29:25.148709+00:00, run_after=2024-01-06T20:29:25.148709+00:00
[2024-01-06T20:29:25.223+0000] {processor.py:176} INFO - Processing /home/airflow/.local/lib/python3.7/site-packages/airflow/example_dags/example_task_group.py took 0.313 seconds
[2024-01-06T20:30:00.346+0000] {processor.py:154} INFO - Started process (PID=140) to work on /home/airflow/.local/lib/python3.7/site-packages/airflow/example_dags/example_task_group.py
[2024-01-06T20:30:00.351+0000] {processor.py:756} INFO - Processing file /home/airflow/.local/lib/python3.7/site-packages/airflow/example_dags/example_task_group.py for tasks to queue
[2024-01-06T20:30:00.354+0000] {logging_mixin.py:120} INFO - [2024-01-06T20:30:00.354+0000] {dagbag.py:537} INFO - Filling up the DagBag from /home/airflow/.local/lib/python3.7/site-packages/airflow/example_dags/example_task_group.py
[2024-01-06T20:30:00.550+0000] {processor.py:766} INFO - DAG(s) dict_keys(['example_task_group']) retrieved from /home/airflow/.local/lib/python3.7/site-packages/airflow/example_dags/example_task_group.py
[2024-01-06T20:30:01.029+0000] {logging_mixin.py:120} INFO - [2024-01-06T20:30:01.004+0000] {dag.py:2585} INFO - Sync 1 DAGs
[2024-01-06T20:30:01.251+0000] {logging_mixin.py:120} INFO - [2024-01-06T20:30:01.251+0000] {dag.py:3340} INFO - Setting next_dagrun for example_task_group to 2024-01-05T20:30:01.251275+00:00, run_after=2024-01-06T20:30:01.251275+00:00
[2024-01-06T20:30:01.480+0000] {processor.py:176} INFO - Processing /home/airflow/.local/lib/python3.7/site-packages/airflow/example_dags/example_task_group.py took 1.148 seconds
