[2024-01-06T20:28:50.532+0000] {processor.py:154} INFO - Started process (PID=39) to work on /home/airflow/.local/lib/python3.7/site-packages/airflow/example_dags/example_sla_dag.py
[2024-01-06T20:28:50.553+0000] {processor.py:756} INFO - Processing file /home/airflow/.local/lib/python3.7/site-packages/airflow/example_dags/example_sla_dag.py for tasks to queue
[2024-01-06T20:28:50.565+0000] {logging_mixin.py:120} INFO - [2024-01-06T20:28:50.564+0000] {dagbag.py:537} INFO - Filling up the DagBag from /home/airflow/.local/lib/python3.7/site-packages/airflow/example_dags/example_sla_dag.py
[2024-01-06T20:28:50.745+0000] {processor.py:766} INFO - DAG(s) dict_keys(['example_sla_dag']) retrieved from /home/airflow/.local/lib/python3.7/site-packages/airflow/example_dags/example_sla_dag.py
[2024-01-06T20:28:51.063+0000] {logging_mixin.py:120} INFO - [2024-01-06T20:28:51.063+0000] {manager.py:507} INFO - Created Permission View: can read on DAG:example_sla_dag
[2024-01-06T20:28:51.073+0000] {logging_mixin.py:120} INFO - [2024-01-06T20:28:51.073+0000] {manager.py:507} INFO - Created Permission View: can delete on DAG:example_sla_dag
[2024-01-06T20:28:51.091+0000] {logging_mixin.py:120} INFO - [2024-01-06T20:28:51.091+0000] {manager.py:507} INFO - Created Permission View: can edit on DAG:example_sla_dag
[2024-01-06T20:28:51.093+0000] {logging_mixin.py:120} INFO - [2024-01-06T20:28:51.093+0000] {dag.py:2585} INFO - Sync 1 DAGs
[2024-01-06T20:28:51.120+0000] {logging_mixin.py:120} INFO - [2024-01-06T20:28:51.120+0000] {dag.py:2606} INFO - Creating ORM DAG for example_sla_dag
[2024-01-06T20:28:51.176+0000] {logging_mixin.py:120} INFO - [2024-01-06T20:28:51.176+0000] {dag.py:3340} INFO - Setting next_dagrun for example_sla_dag to 2024-01-06T20:26:00+00:00, run_after=2024-01-06T20:28:00+00:00
[2024-01-06T20:28:51.364+0000] {processor.py:176} INFO - Processing /home/airflow/.local/lib/python3.7/site-packages/airflow/example_dags/example_sla_dag.py took 0.835 seconds
[2024-01-06T20:29:24.619+0000] {processor.py:154} INFO - Started process (PID=94) to work on /home/airflow/.local/lib/python3.7/site-packages/airflow/example_dags/example_sla_dag.py
[2024-01-06T20:29:24.626+0000] {processor.py:756} INFO - Processing file /home/airflow/.local/lib/python3.7/site-packages/airflow/example_dags/example_sla_dag.py for tasks to queue
[2024-01-06T20:29:24.632+0000] {logging_mixin.py:120} INFO - [2024-01-06T20:29:24.632+0000] {dagbag.py:537} INFO - Filling up the DagBag from /home/airflow/.local/lib/python3.7/site-packages/airflow/example_dags/example_sla_dag.py
[2024-01-06T20:29:24.730+0000] {processor.py:766} INFO - DAG(s) dict_keys(['example_sla_dag']) retrieved from /home/airflow/.local/lib/python3.7/site-packages/airflow/example_dags/example_sla_dag.py
[2024-01-06T20:29:24.891+0000] {logging_mixin.py:120} INFO - [2024-01-06T20:29:24.891+0000] {dag.py:2585} INFO - Sync 1 DAGs
[2024-01-06T20:29:24.998+0000] {logging_mixin.py:120} INFO - [2024-01-06T20:29:24.997+0000] {dag.py:3340} INFO - Setting next_dagrun for example_sla_dag to 2024-01-06T20:26:00+00:00, run_after=2024-01-06T20:28:00+00:00
[2024-01-06T20:29:25.086+0000] {processor.py:176} INFO - Processing /home/airflow/.local/lib/python3.7/site-packages/airflow/example_dags/example_sla_dag.py took 0.472 seconds
[2024-01-06T20:30:00.264+0000] {processor.py:154} INFO - Started process (PID=139) to work on /home/airflow/.local/lib/python3.7/site-packages/airflow/example_dags/example_sla_dag.py
[2024-01-06T20:30:00.283+0000] {processor.py:756} INFO - Processing file /home/airflow/.local/lib/python3.7/site-packages/airflow/example_dags/example_sla_dag.py for tasks to queue
[2024-01-06T20:30:00.297+0000] {logging_mixin.py:120} INFO - [2024-01-06T20:30:00.296+0000] {dagbag.py:537} INFO - Filling up the DagBag from /home/airflow/.local/lib/python3.7/site-packages/airflow/example_dags/example_sla_dag.py
[2024-01-06T20:30:00.561+0000] {processor.py:766} INFO - DAG(s) dict_keys(['example_sla_dag']) retrieved from /home/airflow/.local/lib/python3.7/site-packages/airflow/example_dags/example_sla_dag.py
[2024-01-06T20:30:00.984+0000] {logging_mixin.py:120} INFO - [2024-01-06T20:30:00.981+0000] {dag.py:2585} INFO - Sync 1 DAGs
[2024-01-06T20:30:01.275+0000] {logging_mixin.py:120} INFO - [2024-01-06T20:30:01.260+0000] {dag.py:3340} INFO - Setting next_dagrun for example_sla_dag to 2024-01-06T20:28:00+00:00, run_after=2024-01-06T20:30:00+00:00
[2024-01-06T20:30:01.427+0000] {processor.py:176} INFO - Processing /home/airflow/.local/lib/python3.7/site-packages/airflow/example_dags/example_sla_dag.py took 1.176 seconds
[2024-01-06T20:31:20.442+0000] {processor.py:154} INFO - Started process (PID=57) to work on /home/airflow/.local/lib/python3.7/site-packages/airflow/example_dags/example_sla_dag.py
[2024-01-06T20:31:20.452+0000] {processor.py:756} INFO - Processing file /home/airflow/.local/lib/python3.7/site-packages/airflow/example_dags/example_sla_dag.py for tasks to queue
[2024-01-06T20:31:20.456+0000] {logging_mixin.py:120} INFO - [2024-01-06T20:31:20.456+0000] {dagbag.py:537} INFO - Filling up the DagBag from /home/airflow/.local/lib/python3.7/site-packages/airflow/example_dags/example_sla_dag.py
[2024-01-06T20:31:20.561+0000] {processor.py:766} INFO - DAG(s) dict_keys(['example_sla_dag']) retrieved from /home/airflow/.local/lib/python3.7/site-packages/airflow/example_dags/example_sla_dag.py
[2024-01-06T20:31:20.739+0000] {logging_mixin.py:120} INFO - [2024-01-06T20:31:20.738+0000] {dag.py:2585} INFO - Sync 1 DAGs
[2024-01-06T20:31:20.821+0000] {logging_mixin.py:120} INFO - [2024-01-06T20:31:20.820+0000] {dag.py:3340} INFO - Setting next_dagrun for example_sla_dag to 2024-01-06T20:28:00+00:00, run_after=2024-01-06T20:30:00+00:00
[2024-01-06T20:31:20.883+0000] {processor.py:176} INFO - Processing /home/airflow/.local/lib/python3.7/site-packages/airflow/example_dags/example_sla_dag.py took 0.452 seconds
[2024-01-06T20:32:02.822+0000] {processor.py:154} INFO - Started process (PID=121) to work on /home/airflow/.local/lib/python3.7/site-packages/airflow/example_dags/example_sla_dag.py
[2024-01-06T20:32:02.852+0000] {processor.py:756} INFO - Processing file /home/airflow/.local/lib/python3.7/site-packages/airflow/example_dags/example_sla_dag.py for tasks to queue
[2024-01-06T20:32:02.866+0000] {logging_mixin.py:120} INFO - [2024-01-06T20:32:02.865+0000] {dagbag.py:537} INFO - Filling up the DagBag from /home/airflow/.local/lib/python3.7/site-packages/airflow/example_dags/example_sla_dag.py
[2024-01-06T20:32:10.227+0000] {processor.py:766} INFO - DAG(s) dict_keys(['example_sla_dag']) retrieved from /home/airflow/.local/lib/python3.7/site-packages/airflow/example_dags/example_sla_dag.py
[2024-01-06T20:32:16.182+0000] {logging_mixin.py:120} INFO - [2024-01-06T20:32:16.135+0000] {dag.py:2585} INFO - Sync 1 DAGs
[2024-01-06T20:32:17.285+0000] {logging_mixin.py:120} INFO - [2024-01-06T20:32:17.263+0000] {dag.py:3340} INFO - Setting next_dagrun for example_sla_dag to 2024-01-06T20:30:00+00:00, run_after=2024-01-06T20:32:00+00:00
[2024-01-06T20:32:17.716+0000] {processor.py:176} INFO - Processing /home/airflow/.local/lib/python3.7/site-packages/airflow/example_dags/example_sla_dag.py took 14.589 seconds
[2024-01-06T20:32:55.855+0000] {processor.py:154} INFO - Started process (PID=183) to work on /home/airflow/.local/lib/python3.7/site-packages/airflow/example_dags/example_sla_dag.py
[2024-01-06T20:32:55.858+0000] {processor.py:756} INFO - Processing file /home/airflow/.local/lib/python3.7/site-packages/airflow/example_dags/example_sla_dag.py for tasks to queue
[2024-01-06T20:32:55.860+0000] {logging_mixin.py:120} INFO - [2024-01-06T20:32:55.860+0000] {dagbag.py:537} INFO - Filling up the DagBag from /home/airflow/.local/lib/python3.7/site-packages/airflow/example_dags/example_sla_dag.py
[2024-01-06T20:32:55.943+0000] {processor.py:766} INFO - DAG(s) dict_keys(['example_sla_dag']) retrieved from /home/airflow/.local/lib/python3.7/site-packages/airflow/example_dags/example_sla_dag.py
[2024-01-06T20:32:56.166+0000] {logging_mixin.py:120} INFO - [2024-01-06T20:32:56.166+0000] {dag.py:2585} INFO - Sync 1 DAGs
[2024-01-06T20:32:56.301+0000] {logging_mixin.py:120} INFO - [2024-01-06T20:32:56.300+0000] {dag.py:3340} INFO - Setting next_dagrun for example_sla_dag to 2024-01-06T20:30:00+00:00, run_after=2024-01-06T20:32:00+00:00
[2024-01-06T20:32:56.406+0000] {processor.py:176} INFO - Processing /home/airflow/.local/lib/python3.7/site-packages/airflow/example_dags/example_sla_dag.py took 0.568 seconds
[2024-01-06T20:33:33.977+0000] {processor.py:154} INFO - Started process (PID=48) to work on /home/airflow/.local/lib/python3.7/site-packages/airflow/example_dags/example_sla_dag.py
[2024-01-06T20:33:33.980+0000] {processor.py:756} INFO - Processing file /home/airflow/.local/lib/python3.7/site-packages/airflow/example_dags/example_sla_dag.py for tasks to queue
[2024-01-06T20:33:33.984+0000] {logging_mixin.py:120} INFO - [2024-01-06T20:33:33.984+0000] {dagbag.py:537} INFO - Filling up the DagBag from /home/airflow/.local/lib/python3.7/site-packages/airflow/example_dags/example_sla_dag.py
[2024-01-06T20:33:34.029+0000] {processor.py:766} INFO - DAG(s) dict_keys(['example_sla_dag']) retrieved from /home/airflow/.local/lib/python3.7/site-packages/airflow/example_dags/example_sla_dag.py
[2024-01-06T20:33:34.077+0000] {logging_mixin.py:120} INFO - [2024-01-06T20:33:34.076+0000] {dag.py:2585} INFO - Sync 1 DAGs
[2024-01-06T20:33:34.118+0000] {logging_mixin.py:120} INFO - [2024-01-06T20:33:34.118+0000] {dag.py:3340} INFO - Setting next_dagrun for example_sla_dag to 2024-01-06T20:30:00+00:00, run_after=2024-01-06T20:32:00+00:00
[2024-01-06T20:33:34.151+0000] {processor.py:176} INFO - Processing /home/airflow/.local/lib/python3.7/site-packages/airflow/example_dags/example_sla_dag.py took 0.179 seconds
