[2024-01-06T20:29:22.483+0000] {processor.py:154} INFO - Started process (PID=86) to work on /home/airflow/.local/lib/python3.7/site-packages/airflow/example_dags/example_kubernetes_executor.py
[2024-01-06T20:29:22.489+0000] {processor.py:756} INFO - Processing file /home/airflow/.local/lib/python3.7/site-packages/airflow/example_dags/example_kubernetes_executor.py for tasks to queue
[2024-01-06T20:29:22.491+0000] {logging_mixin.py:120} INFO - [2024-01-06T20:29:22.491+0000] {dagbag.py:537} INFO - Filling up the DagBag from /home/airflow/.local/lib/python3.7/site-packages/airflow/example_dags/example_kubernetes_executor.py
[2024-01-06T20:29:22.650+0000] {processor.py:766} INFO - DAG(s) dict_keys(['example_kubernetes_executor']) retrieved from /home/airflow/.local/lib/python3.7/site-packages/airflow/example_dags/example_kubernetes_executor.py
[2024-01-06T20:29:22.998+0000] {logging_mixin.py:120} INFO - [2024-01-06T20:29:22.994+0000] {manager.py:507} INFO - Created Permission View: can read on DAG:example_kubernetes_executor
[2024-01-06T20:29:23.034+0000] {logging_mixin.py:120} INFO - [2024-01-06T20:29:23.034+0000] {manager.py:507} INFO - Created Permission View: can delete on DAG:example_kubernetes_executor
[2024-01-06T20:29:23.059+0000] {logging_mixin.py:120} INFO - [2024-01-06T20:29:23.059+0000] {manager.py:507} INFO - Created Permission View: can edit on DAG:example_kubernetes_executor
[2024-01-06T20:29:23.062+0000] {logging_mixin.py:120} INFO - [2024-01-06T20:29:23.062+0000] {dag.py:2585} INFO - Sync 1 DAGs
[2024-01-06T20:29:23.087+0000] {logging_mixin.py:120} INFO - [2024-01-06T20:29:23.087+0000] {dag.py:2606} INFO - Creating ORM DAG for example_kubernetes_executor
[2024-01-06T20:29:23.183+0000] {logging_mixin.py:120} INFO - [2024-01-06T20:29:23.168+0000] {dag.py:3340} INFO - Setting next_dagrun for example_kubernetes_executor to None, run_after=None
[2024-01-06T20:29:23.275+0000] {processor.py:176} INFO - Processing /home/airflow/.local/lib/python3.7/site-packages/airflow/example_dags/example_kubernetes_executor.py took 0.798 seconds
[2024-01-06T20:30:11.718+0000] {processor.py:154} INFO - Started process (PID=159) to work on /home/airflow/.local/lib/python3.7/site-packages/airflow/example_dags/example_kubernetes_executor.py
[2024-01-06T20:30:11.727+0000] {processor.py:756} INFO - Processing file /home/airflow/.local/lib/python3.7/site-packages/airflow/example_dags/example_kubernetes_executor.py for tasks to queue
[2024-01-06T20:30:11.736+0000] {logging_mixin.py:120} INFO - [2024-01-06T20:30:11.735+0000] {dagbag.py:537} INFO - Filling up the DagBag from /home/airflow/.local/lib/python3.7/site-packages/airflow/example_dags/example_kubernetes_executor.py
[2024-01-06T20:30:11.933+0000] {processor.py:766} INFO - DAG(s) dict_keys(['example_kubernetes_executor']) retrieved from /home/airflow/.local/lib/python3.7/site-packages/airflow/example_dags/example_kubernetes_executor.py
[2024-01-06T20:30:12.257+0000] {logging_mixin.py:120} INFO - [2024-01-06T20:30:12.256+0000] {dag.py:2585} INFO - Sync 1 DAGs
[2024-01-06T20:30:12.827+0000] {logging_mixin.py:120} INFO - [2024-01-06T20:30:12.826+0000] {dag.py:3340} INFO - Setting next_dagrun for example_kubernetes_executor to None, run_after=None
[2024-01-06T20:30:13.053+0000] {processor.py:176} INFO - Processing /home/airflow/.local/lib/python3.7/site-packages/airflow/example_dags/example_kubernetes_executor.py took 1.356 seconds
[2024-01-06T20:31:33.984+0000] {processor.py:154} INFO - Started process (PID=95) to work on /home/airflow/.local/lib/python3.7/site-packages/airflow/example_dags/example_kubernetes_executor.py
[2024-01-06T20:31:33.995+0000] {processor.py:756} INFO - Processing file /home/airflow/.local/lib/python3.7/site-packages/airflow/example_dags/example_kubernetes_executor.py for tasks to queue
[2024-01-06T20:31:34.010+0000] {logging_mixin.py:120} INFO - [2024-01-06T20:31:34.010+0000] {dagbag.py:537} INFO - Filling up the DagBag from /home/airflow/.local/lib/python3.7/site-packages/airflow/example_dags/example_kubernetes_executor.py
[2024-01-06T20:31:34.251+0000] {processor.py:766} INFO - DAG(s) dict_keys(['example_kubernetes_executor']) retrieved from /home/airflow/.local/lib/python3.7/site-packages/airflow/example_dags/example_kubernetes_executor.py
[2024-01-06T20:31:34.515+0000] {logging_mixin.py:120} INFO - [2024-01-06T20:31:34.514+0000] {dag.py:2585} INFO - Sync 1 DAGs
[2024-01-06T20:31:34.696+0000] {logging_mixin.py:120} INFO - [2024-01-06T20:31:34.696+0000] {dag.py:3340} INFO - Setting next_dagrun for example_kubernetes_executor to None, run_after=None
[2024-01-06T20:31:34.809+0000] {processor.py:176} INFO - Processing /home/airflow/.local/lib/python3.7/site-packages/airflow/example_dags/example_kubernetes_executor.py took 0.856 seconds
[2024-01-06T20:32:52.767+0000] {processor.py:154} INFO - Started process (PID=168) to work on /home/airflow/.local/lib/python3.7/site-packages/airflow/example_dags/example_kubernetes_executor.py
[2024-01-06T20:32:52.778+0000] {processor.py:756} INFO - Processing file /home/airflow/.local/lib/python3.7/site-packages/airflow/example_dags/example_kubernetes_executor.py for tasks to queue
[2024-01-06T20:32:52.802+0000] {logging_mixin.py:120} INFO - [2024-01-06T20:32:52.802+0000] {dagbag.py:537} INFO - Filling up the DagBag from /home/airflow/.local/lib/python3.7/site-packages/airflow/example_dags/example_kubernetes_executor.py
[2024-01-06T20:32:53.153+0000] {processor.py:766} INFO - DAG(s) dict_keys(['example_kubernetes_executor']) retrieved from /home/airflow/.local/lib/python3.7/site-packages/airflow/example_dags/example_kubernetes_executor.py
[2024-01-06T20:32:53.599+0000] {logging_mixin.py:120} INFO - [2024-01-06T20:32:53.599+0000] {dag.py:2585} INFO - Sync 1 DAGs
[2024-01-06T20:32:53.780+0000] {logging_mixin.py:120} INFO - [2024-01-06T20:32:53.780+0000] {dag.py:3340} INFO - Setting next_dagrun for example_kubernetes_executor to None, run_after=None
[2024-01-06T20:32:53.903+0000] {processor.py:176} INFO - Processing /home/airflow/.local/lib/python3.7/site-packages/airflow/example_dags/example_kubernetes_executor.py took 1.192 seconds
[2024-01-06T20:33:37.718+0000] {processor.py:154} INFO - Started process (PID=76) to work on /home/airflow/.local/lib/python3.7/site-packages/airflow/example_dags/example_kubernetes_executor.py
[2024-01-06T20:33:37.726+0000] {processor.py:756} INFO - Processing file /home/airflow/.local/lib/python3.7/site-packages/airflow/example_dags/example_kubernetes_executor.py for tasks to queue
[2024-01-06T20:33:37.730+0000] {logging_mixin.py:120} INFO - [2024-01-06T20:33:37.730+0000] {dagbag.py:537} INFO - Filling up the DagBag from /home/airflow/.local/lib/python3.7/site-packages/airflow/example_dags/example_kubernetes_executor.py
[2024-01-06T20:33:37.774+0000] {processor.py:766} INFO - DAG(s) dict_keys(['example_kubernetes_executor']) retrieved from /home/airflow/.local/lib/python3.7/site-packages/airflow/example_dags/example_kubernetes_executor.py
[2024-01-06T20:33:37.860+0000] {logging_mixin.py:120} INFO - [2024-01-06T20:33:37.860+0000] {dag.py:2585} INFO - Sync 1 DAGs
[2024-01-06T20:33:37.920+0000] {logging_mixin.py:120} INFO - [2024-01-06T20:33:37.920+0000] {dag.py:3340} INFO - Setting next_dagrun for example_kubernetes_executor to None, run_after=None
[2024-01-06T20:33:37.980+0000] {processor.py:176} INFO - Processing /home/airflow/.local/lib/python3.7/site-packages/airflow/example_dags/example_kubernetes_executor.py took 0.271 seconds
