[2024-01-06T20:29:16.740+0000] {processor.py:154} INFO - Started process (PID=69) to work on /home/airflow/.local/lib/python3.7/site-packages/airflow/example_dags/example_xcomargs.py
[2024-01-06T20:29:16.747+0000] {processor.py:756} INFO - Processing file /home/airflow/.local/lib/python3.7/site-packages/airflow/example_dags/example_xcomargs.py for tasks to queue
[2024-01-06T20:29:16.752+0000] {logging_mixin.py:120} INFO - [2024-01-06T20:29:16.750+0000] {dagbag.py:537} INFO - Filling up the DagBag from /home/airflow/.local/lib/python3.7/site-packages/airflow/example_dags/example_xcomargs.py
[2024-01-06T20:29:16.793+0000] {processor.py:766} INFO - DAG(s) dict_keys(['example_xcom_args_with_operators', 'example_xcom_args']) retrieved from /home/airflow/.local/lib/python3.7/site-packages/airflow/example_dags/example_xcomargs.py
[2024-01-06T20:29:17.043+0000] {logging_mixin.py:120} INFO - [2024-01-06T20:29:17.042+0000] {manager.py:507} INFO - Created Permission View: can read on DAG:example_xcom_args_with_operators
[2024-01-06T20:29:17.063+0000] {logging_mixin.py:120} INFO - [2024-01-06T20:29:17.063+0000] {manager.py:507} INFO - Created Permission View: can delete on DAG:example_xcom_args_with_operators
[2024-01-06T20:29:17.080+0000] {logging_mixin.py:120} INFO - [2024-01-06T20:29:17.080+0000] {manager.py:507} INFO - Created Permission View: can edit on DAG:example_xcom_args_with_operators
[2024-01-06T20:29:17.113+0000] {logging_mixin.py:120} INFO - [2024-01-06T20:29:17.112+0000] {manager.py:507} INFO - Created Permission View: can read on DAG:example_xcom_args
[2024-01-06T20:29:17.153+0000] {logging_mixin.py:120} INFO - [2024-01-06T20:29:17.153+0000] {manager.py:507} INFO - Created Permission View: can delete on DAG:example_xcom_args
[2024-01-06T20:29:17.183+0000] {logging_mixin.py:120} INFO - [2024-01-06T20:29:17.183+0000] {manager.py:507} INFO - Created Permission View: can edit on DAG:example_xcom_args
[2024-01-06T20:29:17.194+0000] {logging_mixin.py:120} INFO - [2024-01-06T20:29:17.193+0000] {dag.py:2585} INFO - Sync 2 DAGs
[2024-01-06T20:29:17.270+0000] {logging_mixin.py:120} INFO - [2024-01-06T20:29:17.269+0000] {dag.py:2606} INFO - Creating ORM DAG for example_xcom_args
[2024-01-06T20:29:17.275+0000] {logging_mixin.py:120} INFO - [2024-01-06T20:29:17.275+0000] {dag.py:2606} INFO - Creating ORM DAG for example_xcom_args_with_operators
[2024-01-06T20:29:17.323+0000] {logging_mixin.py:120} INFO - [2024-01-06T20:29:17.323+0000] {dag.py:3340} INFO - Setting next_dagrun for example_xcom_args to None, run_after=None
[2024-01-06T20:29:17.327+0000] {logging_mixin.py:120} INFO - [2024-01-06T20:29:17.327+0000] {dag.py:3340} INFO - Setting next_dagrun for example_xcom_args_with_operators to None, run_after=None
[2024-01-06T20:29:17.385+0000] {processor.py:176} INFO - Processing /home/airflow/.local/lib/python3.7/site-packages/airflow/example_dags/example_xcomargs.py took 0.650 seconds
[2024-01-06T20:29:57.412+0000] {processor.py:154} INFO - Started process (PID=126) to work on /home/airflow/.local/lib/python3.7/site-packages/airflow/example_dags/example_xcomargs.py
[2024-01-06T20:29:57.415+0000] {processor.py:756} INFO - Processing file /home/airflow/.local/lib/python3.7/site-packages/airflow/example_dags/example_xcomargs.py for tasks to queue
[2024-01-06T20:29:57.417+0000] {logging_mixin.py:120} INFO - [2024-01-06T20:29:57.417+0000] {dagbag.py:537} INFO - Filling up the DagBag from /home/airflow/.local/lib/python3.7/site-packages/airflow/example_dags/example_xcomargs.py
[2024-01-06T20:29:57.551+0000] {processor.py:766} INFO - DAG(s) dict_keys(['example_xcom_args_with_operators', 'example_xcom_args']) retrieved from /home/airflow/.local/lib/python3.7/site-packages/airflow/example_dags/example_xcomargs.py
[2024-01-06T20:29:57.729+0000] {logging_mixin.py:120} INFO - [2024-01-06T20:29:57.728+0000] {dag.py:2585} INFO - Sync 2 DAGs
[2024-01-06T20:29:57.807+0000] {logging_mixin.py:120} INFO - [2024-01-06T20:29:57.806+0000] {dag.py:3340} INFO - Setting next_dagrun for example_xcom_args to None, run_after=None
[2024-01-06T20:29:57.822+0000] {logging_mixin.py:120} INFO - [2024-01-06T20:29:57.822+0000] {dag.py:3340} INFO - Setting next_dagrun for example_xcom_args_with_operators to None, run_after=None
[2024-01-06T20:29:57.939+0000] {processor.py:176} INFO - Processing /home/airflow/.local/lib/python3.7/site-packages/airflow/example_dags/example_xcomargs.py took 0.534 seconds
