[2024-01-06T20:29:22.174+0000] {processor.py:154} INFO - Started process (PID=85) to work on /home/airflow/.local/lib/python3.7/site-packages/airflow/example_dags/example_python_operator.py
[2024-01-06T20:29:22.177+0000] {processor.py:756} INFO - Processing file /home/airflow/.local/lib/python3.7/site-packages/airflow/example_dags/example_python_operator.py for tasks to queue
[2024-01-06T20:29:22.180+0000] {logging_mixin.py:120} INFO - [2024-01-06T20:29:22.180+0000] {dagbag.py:537} INFO - Filling up the DagBag from /home/airflow/.local/lib/python3.7/site-packages/airflow/example_dags/example_python_operator.py
[2024-01-06T20:29:22.305+0000] {logging_mixin.py:120} INFO - [2024-01-06T20:29:22.304+0000] {taskmixin.py:205} WARNING - Dependency <Task(_PythonDecoratedOperator): print_the_context>, log_sql_query already registered for DAG: example_python_operator
[2024-01-06T20:29:22.317+0000] {logging_mixin.py:120} INFO - [2024-01-06T20:29:22.309+0000] {taskmixin.py:205} WARNING - Dependency <Task(_PythonDecoratedOperator): log_sql_query>, print_the_context already registered for DAG: example_python_operator
[2024-01-06T20:29:22.334+0000] {logging_mixin.py:120} INFO - [2024-01-06T20:29:22.334+0000] {taskmixin.py:205} WARNING - Dependency <Task(_PythonDecoratedOperator): print_the_context>, log_sql_query already registered for DAG: example_python_operator
[2024-01-06T20:29:22.341+0000] {logging_mixin.py:120} INFO - [2024-01-06T20:29:22.337+0000] {taskmixin.py:205} WARNING - Dependency <Task(_PythonDecoratedOperator): log_sql_query>, print_the_context already registered for DAG: example_python_operator
[2024-01-06T20:29:22.347+0000] {logging_mixin.py:120} INFO - [2024-01-06T20:29:22.347+0000] {taskmixin.py:205} WARNING - Dependency <Task(_PythonDecoratedOperator): print_the_context>, log_sql_query already registered for DAG: example_python_operator
[2024-01-06T20:29:22.352+0000] {logging_mixin.py:120} INFO - [2024-01-06T20:29:22.349+0000] {taskmixin.py:205} WARNING - Dependency <Task(_PythonDecoratedOperator): log_sql_query>, print_the_context already registered for DAG: example_python_operator
[2024-01-06T20:29:22.364+0000] {logging_mixin.py:120} INFO - [2024-01-06T20:29:22.364+0000] {taskmixin.py:205} WARNING - Dependency <Task(_PythonDecoratedOperator): print_the_context>, log_sql_query already registered for DAG: example_python_operator
[2024-01-06T20:29:22.381+0000] {logging_mixin.py:120} INFO - [2024-01-06T20:29:22.381+0000] {taskmixin.py:205} WARNING - Dependency <Task(_PythonDecoratedOperator): log_sql_query>, print_the_context already registered for DAG: example_python_operator
[2024-01-06T20:29:22.430+0000] {processor.py:766} INFO - DAG(s) dict_keys(['example_python_operator']) retrieved from /home/airflow/.local/lib/python3.7/site-packages/airflow/example_dags/example_python_operator.py
[2024-01-06T20:29:22.796+0000] {logging_mixin.py:120} INFO - [2024-01-06T20:29:22.795+0000] {manager.py:507} INFO - Created Permission View: can read on DAG:example_python_operator
[2024-01-06T20:29:22.812+0000] {logging_mixin.py:120} INFO - [2024-01-06T20:29:22.812+0000] {manager.py:507} INFO - Created Permission View: can delete on DAG:example_python_operator
[2024-01-06T20:29:22.823+0000] {logging_mixin.py:120} INFO - [2024-01-06T20:29:22.823+0000] {manager.py:507} INFO - Created Permission View: can edit on DAG:example_python_operator
[2024-01-06T20:29:22.826+0000] {logging_mixin.py:120} INFO - [2024-01-06T20:29:22.826+0000] {dag.py:2585} INFO - Sync 1 DAGs
[2024-01-06T20:29:22.850+0000] {logging_mixin.py:120} INFO - [2024-01-06T20:29:22.850+0000] {dag.py:2606} INFO - Creating ORM DAG for example_python_operator
[2024-01-06T20:29:22.869+0000] {logging_mixin.py:120} INFO - [2024-01-06T20:29:22.869+0000] {dag.py:3340} INFO - Setting next_dagrun for example_python_operator to None, run_after=None
[2024-01-06T20:29:22.906+0000] {processor.py:176} INFO - Processing /home/airflow/.local/lib/python3.7/site-packages/airflow/example_dags/example_python_operator.py took 0.752 seconds
[2024-01-06T20:30:11.514+0000] {processor.py:154} INFO - Started process (PID=158) to work on /home/airflow/.local/lib/python3.7/site-packages/airflow/example_dags/example_python_operator.py
[2024-01-06T20:30:11.521+0000] {processor.py:756} INFO - Processing file /home/airflow/.local/lib/python3.7/site-packages/airflow/example_dags/example_python_operator.py for tasks to queue
[2024-01-06T20:30:11.526+0000] {logging_mixin.py:120} INFO - [2024-01-06T20:30:11.526+0000] {dagbag.py:537} INFO - Filling up the DagBag from /home/airflow/.local/lib/python3.7/site-packages/airflow/example_dags/example_python_operator.py
[2024-01-06T20:30:11.628+0000] {logging_mixin.py:120} INFO - [2024-01-06T20:30:11.628+0000] {taskmixin.py:205} WARNING - Dependency <Task(_PythonDecoratedOperator): print_the_context>, log_sql_query already registered for DAG: example_python_operator
[2024-01-06T20:30:11.635+0000] {logging_mixin.py:120} INFO - [2024-01-06T20:30:11.633+0000] {taskmixin.py:205} WARNING - Dependency <Task(_PythonDecoratedOperator): log_sql_query>, print_the_context already registered for DAG: example_python_operator
[2024-01-06T20:30:11.643+0000] {logging_mixin.py:120} INFO - [2024-01-06T20:30:11.642+0000] {taskmixin.py:205} WARNING - Dependency <Task(_PythonDecoratedOperator): print_the_context>, log_sql_query already registered for DAG: example_python_operator
[2024-01-06T20:30:11.648+0000] {logging_mixin.py:120} INFO - [2024-01-06T20:30:11.647+0000] {taskmixin.py:205} WARNING - Dependency <Task(_PythonDecoratedOperator): log_sql_query>, print_the_context already registered for DAG: example_python_operator
[2024-01-06T20:30:11.652+0000] {logging_mixin.py:120} INFO - [2024-01-06T20:30:11.651+0000] {taskmixin.py:205} WARNING - Dependency <Task(_PythonDecoratedOperator): print_the_context>, log_sql_query already registered for DAG: example_python_operator
[2024-01-06T20:30:11.656+0000] {logging_mixin.py:120} INFO - [2024-01-06T20:30:11.655+0000] {taskmixin.py:205} WARNING - Dependency <Task(_PythonDecoratedOperator): log_sql_query>, print_the_context already registered for DAG: example_python_operator
[2024-01-06T20:30:11.661+0000] {logging_mixin.py:120} INFO - [2024-01-06T20:30:11.660+0000] {taskmixin.py:205} WARNING - Dependency <Task(_PythonDecoratedOperator): print_the_context>, log_sql_query already registered for DAG: example_python_operator
[2024-01-06T20:30:11.664+0000] {logging_mixin.py:120} INFO - [2024-01-06T20:30:11.663+0000] {taskmixin.py:205} WARNING - Dependency <Task(_PythonDecoratedOperator): log_sql_query>, print_the_context already registered for DAG: example_python_operator
[2024-01-06T20:30:11.723+0000] {processor.py:766} INFO - DAG(s) dict_keys(['example_python_operator']) retrieved from /home/airflow/.local/lib/python3.7/site-packages/airflow/example_dags/example_python_operator.py
[2024-01-06T20:30:12.000+0000] {logging_mixin.py:120} INFO - [2024-01-06T20:30:12.000+0000] {dag.py:2585} INFO - Sync 1 DAGs
[2024-01-06T20:30:12.098+0000] {logging_mixin.py:120} INFO - [2024-01-06T20:30:12.098+0000] {dag.py:3340} INFO - Setting next_dagrun for example_python_operator to None, run_after=None
[2024-01-06T20:30:12.198+0000] {processor.py:176} INFO - Processing /home/airflow/.local/lib/python3.7/site-packages/airflow/example_dags/example_python_operator.py took 0.695 seconds
