[2024-01-06T20:29:20.403+0000] {processor.py:154} INFO - Started process (PID=80) to work on /home/airflow/.local/lib/python3.7/site-packages/airflow/example_dags/example_branch_operator.py
[2024-01-06T20:29:20.406+0000] {processor.py:756} INFO - Processing file /home/airflow/.local/lib/python3.7/site-packages/airflow/example_dags/example_branch_operator.py for tasks to queue
[2024-01-06T20:29:20.408+0000] {logging_mixin.py:120} INFO - [2024-01-06T20:29:20.408+0000] {dagbag.py:537} INFO - Filling up the DagBag from /home/airflow/.local/lib/python3.7/site-packages/airflow/example_dags/example_branch_operator.py
[2024-01-06T20:29:20.436+0000] {processor.py:766} INFO - DAG(s) dict_keys(['example_branch_operator']) retrieved from /home/airflow/.local/lib/python3.7/site-packages/airflow/example_dags/example_branch_operator.py
[2024-01-06T20:29:20.733+0000] {logging_mixin.py:120} INFO - [2024-01-06T20:29:20.733+0000] {manager.py:507} INFO - Created Permission View: can read on DAG:example_branch_operator
[2024-01-06T20:29:20.761+0000] {logging_mixin.py:120} INFO - [2024-01-06T20:29:20.761+0000] {manager.py:507} INFO - Created Permission View: can delete on DAG:example_branch_operator
[2024-01-06T20:29:20.778+0000] {logging_mixin.py:120} INFO - [2024-01-06T20:29:20.778+0000] {manager.py:507} INFO - Created Permission View: can edit on DAG:example_branch_operator
[2024-01-06T20:29:20.787+0000] {logging_mixin.py:120} INFO - [2024-01-06T20:29:20.786+0000] {dag.py:2585} INFO - Sync 1 DAGs
[2024-01-06T20:29:20.837+0000] {logging_mixin.py:120} INFO - [2024-01-06T20:29:20.837+0000] {dag.py:2606} INFO - Creating ORM DAG for example_branch_operator
[2024-01-06T20:29:20.859+0000] {logging_mixin.py:120} INFO - [2024-01-06T20:29:20.859+0000] {dag.py:3340} INFO - Setting next_dagrun for example_branch_operator to 2024-01-05T00:00:00+00:00, run_after=2024-01-06T00:00:00+00:00
[2024-01-06T20:29:20.913+0000] {processor.py:176} INFO - Processing /home/airflow/.local/lib/python3.7/site-packages/airflow/example_dags/example_branch_operator.py took 0.514 seconds
[2024-01-06T20:30:09.209+0000] {processor.py:154} INFO - Started process (PID=153) to work on /home/airflow/.local/lib/python3.7/site-packages/airflow/example_dags/example_branch_operator.py
[2024-01-06T20:30:09.215+0000] {processor.py:756} INFO - Processing file /home/airflow/.local/lib/python3.7/site-packages/airflow/example_dags/example_branch_operator.py for tasks to queue
[2024-01-06T20:30:09.218+0000] {logging_mixin.py:120} INFO - [2024-01-06T20:30:09.218+0000] {dagbag.py:537} INFO - Filling up the DagBag from /home/airflow/.local/lib/python3.7/site-packages/airflow/example_dags/example_branch_operator.py
[2024-01-06T20:30:09.304+0000] {processor.py:766} INFO - DAG(s) dict_keys(['example_branch_operator']) retrieved from /home/airflow/.local/lib/python3.7/site-packages/airflow/example_dags/example_branch_operator.py
[2024-01-06T20:30:09.581+0000] {logging_mixin.py:120} INFO - [2024-01-06T20:30:09.581+0000] {dag.py:2585} INFO - Sync 1 DAGs
[2024-01-06T20:30:09.734+0000] {logging_mixin.py:120} INFO - [2024-01-06T20:30:09.734+0000] {dag.py:3340} INFO - Setting next_dagrun for example_branch_operator to 2024-01-05T00:00:00+00:00, run_after=2024-01-06T00:00:00+00:00
[2024-01-06T20:30:09.847+0000] {processor.py:176} INFO - Processing /home/airflow/.local/lib/python3.7/site-packages/airflow/example_dags/example_branch_operator.py took 0.645 seconds
[2024-01-06T20:31:29.690+0000] {processor.py:154} INFO - Started process (PID=89) to work on /home/airflow/.local/lib/python3.7/site-packages/airflow/example_dags/example_branch_operator.py
[2024-01-06T20:31:29.723+0000] {processor.py:756} INFO - Processing file /home/airflow/.local/lib/python3.7/site-packages/airflow/example_dags/example_branch_operator.py for tasks to queue
[2024-01-06T20:31:29.729+0000] {logging_mixin.py:120} INFO - [2024-01-06T20:31:29.729+0000] {dagbag.py:537} INFO - Filling up the DagBag from /home/airflow/.local/lib/python3.7/site-packages/airflow/example_dags/example_branch_operator.py
[2024-01-06T20:31:29.946+0000] {processor.py:766} INFO - DAG(s) dict_keys(['example_branch_operator']) retrieved from /home/airflow/.local/lib/python3.7/site-packages/airflow/example_dags/example_branch_operator.py
[2024-01-06T20:31:30.241+0000] {logging_mixin.py:120} INFO - [2024-01-06T20:31:30.241+0000] {dag.py:2585} INFO - Sync 1 DAGs
[2024-01-06T20:31:30.552+0000] {logging_mixin.py:120} INFO - [2024-01-06T20:31:30.539+0000] {dag.py:3340} INFO - Setting next_dagrun for example_branch_operator to 2024-01-05T00:00:00+00:00, run_after=2024-01-06T00:00:00+00:00
[2024-01-06T20:31:30.781+0000] {processor.py:176} INFO - Processing /home/airflow/.local/lib/python3.7/site-packages/airflow/example_dags/example_branch_operator.py took 1.107 seconds
[2024-01-06T20:32:49.430+0000] {processor.py:154} INFO - Started process (PID=162) to work on /home/airflow/.local/lib/python3.7/site-packages/airflow/example_dags/example_branch_operator.py
[2024-01-06T20:32:49.435+0000] {processor.py:756} INFO - Processing file /home/airflow/.local/lib/python3.7/site-packages/airflow/example_dags/example_branch_operator.py for tasks to queue
[2024-01-06T20:32:49.448+0000] {logging_mixin.py:120} INFO - [2024-01-06T20:32:49.448+0000] {dagbag.py:537} INFO - Filling up the DagBag from /home/airflow/.local/lib/python3.7/site-packages/airflow/example_dags/example_branch_operator.py
[2024-01-06T20:32:49.495+0000] {processor.py:766} INFO - DAG(s) dict_keys(['example_branch_operator']) retrieved from /home/airflow/.local/lib/python3.7/site-packages/airflow/example_dags/example_branch_operator.py
[2024-01-06T20:32:49.627+0000] {logging_mixin.py:120} INFO - [2024-01-06T20:32:49.627+0000] {dag.py:2585} INFO - Sync 1 DAGs
[2024-01-06T20:32:49.677+0000] {logging_mixin.py:120} INFO - [2024-01-06T20:32:49.676+0000] {dag.py:3340} INFO - Setting next_dagrun for example_branch_operator to 2024-01-05T00:00:00+00:00, run_after=2024-01-06T00:00:00+00:00
[2024-01-06T20:32:49.796+0000] {processor.py:176} INFO - Processing /home/airflow/.local/lib/python3.7/site-packages/airflow/example_dags/example_branch_operator.py took 0.371 seconds
[2024-01-06T20:33:36.848+0000] {processor.py:154} INFO - Started process (PID=70) to work on /home/airflow/.local/lib/python3.7/site-packages/airflow/example_dags/example_branch_operator.py
[2024-01-06T20:33:36.853+0000] {processor.py:756} INFO - Processing file /home/airflow/.local/lib/python3.7/site-packages/airflow/example_dags/example_branch_operator.py for tasks to queue
[2024-01-06T20:33:36.855+0000] {logging_mixin.py:120} INFO - [2024-01-06T20:33:36.854+0000] {dagbag.py:537} INFO - Filling up the DagBag from /home/airflow/.local/lib/python3.7/site-packages/airflow/example_dags/example_branch_operator.py
[2024-01-06T20:33:36.887+0000] {processor.py:766} INFO - DAG(s) dict_keys(['example_branch_operator']) retrieved from /home/airflow/.local/lib/python3.7/site-packages/airflow/example_dags/example_branch_operator.py
[2024-01-06T20:33:36.969+0000] {logging_mixin.py:120} INFO - [2024-01-06T20:33:36.968+0000] {dag.py:2585} INFO - Sync 1 DAGs
[2024-01-06T20:33:36.999+0000] {logging_mixin.py:120} INFO - [2024-01-06T20:33:36.999+0000] {dag.py:3340} INFO - Setting next_dagrun for example_branch_operator to 2024-01-05T00:00:00+00:00, run_after=2024-01-06T00:00:00+00:00
[2024-01-06T20:33:37.030+0000] {processor.py:176} INFO - Processing /home/airflow/.local/lib/python3.7/site-packages/airflow/example_dags/example_branch_operator.py took 0.185 seconds
