[2024-01-06T20:29:20.886+0000] {processor.py:154} INFO - Started process (PID=81) to work on /home/airflow/.local/lib/python3.7/site-packages/airflow/example_dags/example_branch_datetime_operator.py
[2024-01-06T20:29:20.892+0000] {processor.py:756} INFO - Processing file /home/airflow/.local/lib/python3.7/site-packages/airflow/example_dags/example_branch_datetime_operator.py for tasks to queue
[2024-01-06T20:29:20.895+0000] {logging_mixin.py:120} INFO - [2024-01-06T20:29:20.895+0000] {dagbag.py:537} INFO - Filling up the DagBag from /home/airflow/.local/lib/python3.7/site-packages/airflow/example_dags/example_branch_datetime_operator.py
[2024-01-06T20:29:20.933+0000] {processor.py:766} INFO - DAG(s) dict_keys(['example_branch_datetime_operator_3', 'example_branch_datetime_operator_2', 'example_branch_datetime_operator']) retrieved from /home/airflow/.local/lib/python3.7/site-packages/airflow/example_dags/example_branch_datetime_operator.py
[2024-01-06T20:29:21.116+0000] {logging_mixin.py:120} INFO - [2024-01-06T20:29:21.115+0000] {manager.py:507} INFO - Created Permission View: can read on DAG:example_branch_datetime_operator_3
[2024-01-06T20:29:21.125+0000] {logging_mixin.py:120} INFO - [2024-01-06T20:29:21.125+0000] {manager.py:507} INFO - Created Permission View: can delete on DAG:example_branch_datetime_operator_3
[2024-01-06T20:29:21.133+0000] {logging_mixin.py:120} INFO - [2024-01-06T20:29:21.133+0000] {manager.py:507} INFO - Created Permission View: can edit on DAG:example_branch_datetime_operator_3
[2024-01-06T20:29:21.157+0000] {logging_mixin.py:120} INFO - [2024-01-06T20:29:21.157+0000] {manager.py:507} INFO - Created Permission View: can read on DAG:example_branch_datetime_operator_2
[2024-01-06T20:29:21.176+0000] {logging_mixin.py:120} INFO - [2024-01-06T20:29:21.176+0000] {manager.py:507} INFO - Created Permission View: can delete on DAG:example_branch_datetime_operator_2
[2024-01-06T20:29:21.190+0000] {logging_mixin.py:120} INFO - [2024-01-06T20:29:21.190+0000] {manager.py:507} INFO - Created Permission View: can edit on DAG:example_branch_datetime_operator_2
[2024-01-06T20:29:21.214+0000] {logging_mixin.py:120} INFO - [2024-01-06T20:29:21.214+0000] {manager.py:507} INFO - Created Permission View: can read on DAG:example_branch_datetime_operator
[2024-01-06T20:29:21.232+0000] {logging_mixin.py:120} INFO - [2024-01-06T20:29:21.232+0000] {manager.py:507} INFO - Created Permission View: can delete on DAG:example_branch_datetime_operator
[2024-01-06T20:29:21.258+0000] {logging_mixin.py:120} INFO - [2024-01-06T20:29:21.257+0000] {manager.py:507} INFO - Created Permission View: can edit on DAG:example_branch_datetime_operator
[2024-01-06T20:29:21.263+0000] {logging_mixin.py:120} INFO - [2024-01-06T20:29:21.263+0000] {dag.py:2585} INFO - Sync 3 DAGs
[2024-01-06T20:29:21.304+0000] {logging_mixin.py:120} INFO - [2024-01-06T20:29:21.304+0000] {dag.py:2606} INFO - Creating ORM DAG for example_branch_datetime_operator
[2024-01-06T20:29:21.306+0000] {logging_mixin.py:120} INFO - [2024-01-06T20:29:21.306+0000] {dag.py:2606} INFO - Creating ORM DAG for example_branch_datetime_operator_2
[2024-01-06T20:29:21.308+0000] {logging_mixin.py:120} INFO - [2024-01-06T20:29:21.308+0000] {dag.py:2606} INFO - Creating ORM DAG for example_branch_datetime_operator_3
[2024-01-06T20:29:21.323+0000] {logging_mixin.py:120} INFO - [2024-01-06T20:29:21.323+0000] {dag.py:3340} INFO - Setting next_dagrun for example_branch_datetime_operator to 2024-01-05T00:00:00+00:00, run_after=2024-01-06T00:00:00+00:00
[2024-01-06T20:29:21.329+0000] {logging_mixin.py:120} INFO - [2024-01-06T20:29:21.328+0000] {dag.py:3340} INFO - Setting next_dagrun for example_branch_datetime_operator_2 to 2024-01-05T00:00:00+00:00, run_after=2024-01-06T00:00:00+00:00
[2024-01-06T20:29:21.333+0000] {logging_mixin.py:120} INFO - [2024-01-06T20:29:21.333+0000] {dag.py:3340} INFO - Setting next_dagrun for example_branch_datetime_operator_3 to 2024-01-05T00:00:00+00:00, run_after=2024-01-06T00:00:00+00:00
[2024-01-06T20:29:21.398+0000] {processor.py:176} INFO - Processing /home/airflow/.local/lib/python3.7/site-packages/airflow/example_dags/example_branch_datetime_operator.py took 0.517 seconds
[2024-01-06T20:30:09.499+0000] {processor.py:154} INFO - Started process (PID=154) to work on /home/airflow/.local/lib/python3.7/site-packages/airflow/example_dags/example_branch_datetime_operator.py
[2024-01-06T20:30:09.511+0000] {processor.py:756} INFO - Processing file /home/airflow/.local/lib/python3.7/site-packages/airflow/example_dags/example_branch_datetime_operator.py for tasks to queue
[2024-01-06T20:30:09.527+0000] {logging_mixin.py:120} INFO - [2024-01-06T20:30:09.527+0000] {dagbag.py:537} INFO - Filling up the DagBag from /home/airflow/.local/lib/python3.7/site-packages/airflow/example_dags/example_branch_datetime_operator.py
[2024-01-06T20:30:09.640+0000] {processor.py:766} INFO - DAG(s) dict_keys(['example_branch_datetime_operator', 'example_branch_datetime_operator_2', 'example_branch_datetime_operator_3']) retrieved from /home/airflow/.local/lib/python3.7/site-packages/airflow/example_dags/example_branch_datetime_operator.py
[2024-01-06T20:30:09.975+0000] {logging_mixin.py:120} INFO - [2024-01-06T20:30:09.975+0000] {dag.py:2585} INFO - Sync 3 DAGs
[2024-01-06T20:30:10.126+0000] {logging_mixin.py:120} INFO - [2024-01-06T20:30:10.126+0000] {dag.py:3340} INFO - Setting next_dagrun for example_branch_datetime_operator to 2024-01-05T00:00:00+00:00, run_after=2024-01-06T00:00:00+00:00
[2024-01-06T20:30:10.141+0000] {logging_mixin.py:120} INFO - [2024-01-06T20:30:10.141+0000] {dag.py:3340} INFO - Setting next_dagrun for example_branch_datetime_operator_2 to 2024-01-05T00:00:00+00:00, run_after=2024-01-06T00:00:00+00:00
[2024-01-06T20:30:10.150+0000] {logging_mixin.py:120} INFO - [2024-01-06T20:30:10.150+0000] {dag.py:3340} INFO - Setting next_dagrun for example_branch_datetime_operator_3 to 2024-01-05T00:00:00+00:00, run_after=2024-01-06T00:00:00+00:00
[2024-01-06T20:30:10.227+0000] {processor.py:176} INFO - Processing /home/airflow/.local/lib/python3.7/site-packages/airflow/example_dags/example_branch_datetime_operator.py took 0.738 seconds
[2024-01-06T20:31:30.414+0000] {processor.py:154} INFO - Started process (PID=90) to work on /home/airflow/.local/lib/python3.7/site-packages/airflow/example_dags/example_branch_datetime_operator.py
[2024-01-06T20:31:30.423+0000] {processor.py:756} INFO - Processing file /home/airflow/.local/lib/python3.7/site-packages/airflow/example_dags/example_branch_datetime_operator.py for tasks to queue
[2024-01-06T20:31:30.431+0000] {logging_mixin.py:120} INFO - [2024-01-06T20:31:30.429+0000] {dagbag.py:537} INFO - Filling up the DagBag from /home/airflow/.local/lib/python3.7/site-packages/airflow/example_dags/example_branch_datetime_operator.py
[2024-01-06T20:31:30.653+0000] {processor.py:766} INFO - DAG(s) dict_keys(['example_branch_datetime_operator_2', 'example_branch_datetime_operator_3', 'example_branch_datetime_operator']) retrieved from /home/airflow/.local/lib/python3.7/site-packages/airflow/example_dags/example_branch_datetime_operator.py
[2024-01-06T20:31:31.165+0000] {logging_mixin.py:120} INFO - [2024-01-06T20:31:31.164+0000] {dag.py:2585} INFO - Sync 3 DAGs
[2024-01-06T20:31:31.381+0000] {logging_mixin.py:120} INFO - [2024-01-06T20:31:31.380+0000] {dag.py:3340} INFO - Setting next_dagrun for example_branch_datetime_operator to 2024-01-05T00:00:00+00:00, run_after=2024-01-06T00:00:00+00:00
[2024-01-06T20:31:31.416+0000] {logging_mixin.py:120} INFO - [2024-01-06T20:31:31.416+0000] {dag.py:3340} INFO - Setting next_dagrun for example_branch_datetime_operator_2 to 2024-01-05T00:00:00+00:00, run_after=2024-01-06T00:00:00+00:00
[2024-01-06T20:31:31.431+0000] {logging_mixin.py:120} INFO - [2024-01-06T20:31:31.431+0000] {dag.py:3340} INFO - Setting next_dagrun for example_branch_datetime_operator_3 to 2024-01-05T00:00:00+00:00, run_after=2024-01-06T00:00:00+00:00
[2024-01-06T20:31:31.558+0000] {processor.py:176} INFO - Processing /home/airflow/.local/lib/python3.7/site-packages/airflow/example_dags/example_branch_datetime_operator.py took 1.165 seconds
[2024-01-06T20:32:49.741+0000] {processor.py:154} INFO - Started process (PID=163) to work on /home/airflow/.local/lib/python3.7/site-packages/airflow/example_dags/example_branch_datetime_operator.py
[2024-01-06T20:32:49.751+0000] {processor.py:756} INFO - Processing file /home/airflow/.local/lib/python3.7/site-packages/airflow/example_dags/example_branch_datetime_operator.py for tasks to queue
[2024-01-06T20:32:49.758+0000] {logging_mixin.py:120} INFO - [2024-01-06T20:32:49.757+0000] {dagbag.py:537} INFO - Filling up the DagBag from /home/airflow/.local/lib/python3.7/site-packages/airflow/example_dags/example_branch_datetime_operator.py
[2024-01-06T20:32:49.807+0000] {processor.py:766} INFO - DAG(s) dict_keys(['example_branch_datetime_operator_3', 'example_branch_datetime_operator', 'example_branch_datetime_operator_2']) retrieved from /home/airflow/.local/lib/python3.7/site-packages/airflow/example_dags/example_branch_datetime_operator.py
[2024-01-06T20:32:49.891+0000] {logging_mixin.py:120} INFO - [2024-01-06T20:32:49.891+0000] {dag.py:2585} INFO - Sync 3 DAGs
[2024-01-06T20:32:50.017+0000] {logging_mixin.py:120} INFO - [2024-01-06T20:32:50.016+0000] {dag.py:3340} INFO - Setting next_dagrun for example_branch_datetime_operator to 2024-01-05T00:00:00+00:00, run_after=2024-01-06T00:00:00+00:00
[2024-01-06T20:32:50.031+0000] {logging_mixin.py:120} INFO - [2024-01-06T20:32:50.031+0000] {dag.py:3340} INFO - Setting next_dagrun for example_branch_datetime_operator_2 to 2024-01-05T00:00:00+00:00, run_after=2024-01-06T00:00:00+00:00
[2024-01-06T20:32:50.039+0000] {logging_mixin.py:120} INFO - [2024-01-06T20:32:50.039+0000] {dag.py:3340} INFO - Setting next_dagrun for example_branch_datetime_operator_3 to 2024-01-05T00:00:00+00:00, run_after=2024-01-06T00:00:00+00:00
[2024-01-06T20:32:50.098+0000] {processor.py:176} INFO - Processing /home/airflow/.local/lib/python3.7/site-packages/airflow/example_dags/example_branch_datetime_operator.py took 0.371 seconds
[2024-01-06T20:33:37.087+0000] {processor.py:154} INFO - Started process (PID=71) to work on /home/airflow/.local/lib/python3.7/site-packages/airflow/example_dags/example_branch_datetime_operator.py
[2024-01-06T20:33:37.090+0000] {processor.py:756} INFO - Processing file /home/airflow/.local/lib/python3.7/site-packages/airflow/example_dags/example_branch_datetime_operator.py for tasks to queue
[2024-01-06T20:33:37.092+0000] {logging_mixin.py:120} INFO - [2024-01-06T20:33:37.092+0000] {dagbag.py:537} INFO - Filling up the DagBag from /home/airflow/.local/lib/python3.7/site-packages/airflow/example_dags/example_branch_datetime_operator.py
[2024-01-06T20:33:37.118+0000] {processor.py:766} INFO - DAG(s) dict_keys(['example_branch_datetime_operator_2', 'example_branch_datetime_operator', 'example_branch_datetime_operator_3']) retrieved from /home/airflow/.local/lib/python3.7/site-packages/airflow/example_dags/example_branch_datetime_operator.py
[2024-01-06T20:33:37.185+0000] {logging_mixin.py:120} INFO - [2024-01-06T20:33:37.185+0000] {dag.py:2585} INFO - Sync 3 DAGs
[2024-01-06T20:33:37.206+0000] {logging_mixin.py:120} INFO - [2024-01-06T20:33:37.206+0000] {dag.py:3340} INFO - Setting next_dagrun for example_branch_datetime_operator to 2024-01-05T00:00:00+00:00, run_after=2024-01-06T00:00:00+00:00
[2024-01-06T20:33:37.211+0000] {logging_mixin.py:120} INFO - [2024-01-06T20:33:37.211+0000] {dag.py:3340} INFO - Setting next_dagrun for example_branch_datetime_operator_2 to 2024-01-05T00:00:00+00:00, run_after=2024-01-06T00:00:00+00:00
[2024-01-06T20:33:37.213+0000] {logging_mixin.py:120} INFO - [2024-01-06T20:33:37.213+0000] {dag.py:3340} INFO - Setting next_dagrun for example_branch_datetime_operator_3 to 2024-01-05T00:00:00+00:00, run_after=2024-01-06T00:00:00+00:00
[2024-01-06T20:33:37.232+0000] {processor.py:176} INFO - Processing /home/airflow/.local/lib/python3.7/site-packages/airflow/example_dags/example_branch_datetime_operator.py took 0.148 seconds
