[2024-01-06T20:29:19.476+0000] {processor.py:154} INFO - Started process (PID=78) to work on /home/airflow/.local/lib/python3.7/site-packages/airflow/example_dags/example_complex.py
[2024-01-06T20:29:19.541+0000] {processor.py:756} INFO - Processing file /home/airflow/.local/lib/python3.7/site-packages/airflow/example_dags/example_complex.py for tasks to queue
[2024-01-06T20:29:19.546+0000] {logging_mixin.py:120} INFO - [2024-01-06T20:29:19.545+0000] {dagbag.py:537} INFO - Filling up the DagBag from /home/airflow/.local/lib/python3.7/site-packages/airflow/example_dags/example_complex.py
[2024-01-06T20:29:19.576+0000] {logging_mixin.py:120} INFO - [2024-01-06T20:29:19.576+0000] {taskmixin.py:205} WARNING - Dependency <Task(BashOperator): create_entry_group>, delete_entry_group already registered for DAG: example_complex
[2024-01-06T20:29:19.579+0000] {logging_mixin.py:120} INFO - [2024-01-06T20:29:19.579+0000] {taskmixin.py:205} WARNING - Dependency <Task(BashOperator): delete_entry_group>, create_entry_group already registered for DAG: example_complex
[2024-01-06T20:29:19.581+0000] {logging_mixin.py:120} INFO - [2024-01-06T20:29:19.581+0000] {taskmixin.py:205} WARNING - Dependency <Task(BashOperator): create_entry_gcs>, delete_entry already registered for DAG: example_complex
[2024-01-06T20:29:19.584+0000] {logging_mixin.py:120} INFO - [2024-01-06T20:29:19.584+0000] {taskmixin.py:205} WARNING - Dependency <Task(BashOperator): delete_entry>, create_entry_gcs already registered for DAG: example_complex
[2024-01-06T20:29:19.590+0000] {logging_mixin.py:120} INFO - [2024-01-06T20:29:19.589+0000] {taskmixin.py:205} WARNING - Dependency <Task(BashOperator): create_tag>, delete_tag already registered for DAG: example_complex
[2024-01-06T20:29:19.593+0000] {logging_mixin.py:120} INFO - [2024-01-06T20:29:19.592+0000] {taskmixin.py:205} WARNING - Dependency <Task(BashOperator): delete_tag>, create_tag already registered for DAG: example_complex
[2024-01-06T20:29:19.644+0000] {processor.py:766} INFO - DAG(s) dict_keys(['example_complex']) retrieved from /home/airflow/.local/lib/python3.7/site-packages/airflow/example_dags/example_complex.py
[2024-01-06T20:29:19.851+0000] {logging_mixin.py:120} INFO - [2024-01-06T20:29:19.851+0000] {manager.py:507} INFO - Created Permission View: can read on DAG:example_complex
[2024-01-06T20:29:19.888+0000] {logging_mixin.py:120} INFO - [2024-01-06T20:29:19.888+0000] {manager.py:507} INFO - Created Permission View: can delete on DAG:example_complex
[2024-01-06T20:29:19.907+0000] {logging_mixin.py:120} INFO - [2024-01-06T20:29:19.907+0000] {manager.py:507} INFO - Created Permission View: can edit on DAG:example_complex
[2024-01-06T20:29:19.914+0000] {logging_mixin.py:120} INFO - [2024-01-06T20:29:19.914+0000] {dag.py:2585} INFO - Sync 1 DAGs
[2024-01-06T20:29:19.931+0000] {logging_mixin.py:120} INFO - [2024-01-06T20:29:19.931+0000] {dag.py:2606} INFO - Creating ORM DAG for example_complex
[2024-01-06T20:29:19.941+0000] {logging_mixin.py:120} INFO - [2024-01-06T20:29:19.941+0000] {dag.py:3340} INFO - Setting next_dagrun for example_complex to None, run_after=None
[2024-01-06T20:29:19.965+0000] {processor.py:176} INFO - Processing /home/airflow/.local/lib/python3.7/site-packages/airflow/example_dags/example_complex.py took 0.493 seconds
[2024-01-06T20:30:07.455+0000] {processor.py:154} INFO - Started process (PID=151) to work on /home/airflow/.local/lib/python3.7/site-packages/airflow/example_dags/example_complex.py
[2024-01-06T20:30:07.461+0000] {processor.py:756} INFO - Processing file /home/airflow/.local/lib/python3.7/site-packages/airflow/example_dags/example_complex.py for tasks to queue
[2024-01-06T20:30:07.466+0000] {logging_mixin.py:120} INFO - [2024-01-06T20:30:07.466+0000] {dagbag.py:537} INFO - Filling up the DagBag from /home/airflow/.local/lib/python3.7/site-packages/airflow/example_dags/example_complex.py
[2024-01-06T20:30:07.554+0000] {logging_mixin.py:120} INFO - [2024-01-06T20:30:07.551+0000] {taskmixin.py:205} WARNING - Dependency <Task(BashOperator): create_entry_group>, delete_entry_group already registered for DAG: example_complex
[2024-01-06T20:30:07.561+0000] {logging_mixin.py:120} INFO - [2024-01-06T20:30:07.561+0000] {taskmixin.py:205} WARNING - Dependency <Task(BashOperator): delete_entry_group>, create_entry_group already registered for DAG: example_complex
[2024-01-06T20:30:07.568+0000] {logging_mixin.py:120} INFO - [2024-01-06T20:30:07.568+0000] {taskmixin.py:205} WARNING - Dependency <Task(BashOperator): create_entry_gcs>, delete_entry already registered for DAG: example_complex
[2024-01-06T20:30:07.571+0000] {logging_mixin.py:120} INFO - [2024-01-06T20:30:07.570+0000] {taskmixin.py:205} WARNING - Dependency <Task(BashOperator): delete_entry>, create_entry_gcs already registered for DAG: example_complex
[2024-01-06T20:30:07.572+0000] {logging_mixin.py:120} INFO - [2024-01-06T20:30:07.572+0000] {taskmixin.py:205} WARNING - Dependency <Task(BashOperator): create_tag>, delete_tag already registered for DAG: example_complex
[2024-01-06T20:30:07.574+0000] {logging_mixin.py:120} INFO - [2024-01-06T20:30:07.574+0000] {taskmixin.py:205} WARNING - Dependency <Task(BashOperator): delete_tag>, create_tag already registered for DAG: example_complex
[2024-01-06T20:30:07.607+0000] {processor.py:766} INFO - DAG(s) dict_keys(['example_complex']) retrieved from /home/airflow/.local/lib/python3.7/site-packages/airflow/example_dags/example_complex.py
[2024-01-06T20:30:07.979+0000] {logging_mixin.py:120} INFO - [2024-01-06T20:30:07.978+0000] {dag.py:2585} INFO - Sync 1 DAGs
[2024-01-06T20:30:08.094+0000] {logging_mixin.py:120} INFO - [2024-01-06T20:30:08.093+0000] {dag.py:3340} INFO - Setting next_dagrun for example_complex to None, run_after=None
[2024-01-06T20:30:08.223+0000] {processor.py:176} INFO - Processing /home/airflow/.local/lib/python3.7/site-packages/airflow/example_dags/example_complex.py took 0.792 seconds
