[2024-01-06T20:29:19.456+0000] {processor.py:154} INFO - Started process (PID=77) to work on /home/airflow/.local/lib/python3.7/site-packages/airflow/example_dags/example_subdag_operator.py
[2024-01-06T20:29:19.465+0000] {processor.py:756} INFO - Processing file /home/airflow/.local/lib/python3.7/site-packages/airflow/example_dags/example_subdag_operator.py for tasks to queue
[2024-01-06T20:29:19.473+0000] {logging_mixin.py:120} INFO - [2024-01-06T20:29:19.472+0000] {dagbag.py:537} INFO - Filling up the DagBag from /home/airflow/.local/lib/python3.7/site-packages/airflow/example_dags/example_subdag_operator.py
[2024-01-06T20:29:19.678+0000] {processor.py:766} INFO - DAG(s) dict_keys(['example_subdag_operator.section-1', 'example_subdag_operator.section-2', 'example_subdag_operator']) retrieved from /home/airflow/.local/lib/python3.7/site-packages/airflow/example_dags/example_subdag_operator.py
[2024-01-06T20:29:20.606+0000] {logging_mixin.py:120} INFO - [2024-01-06T20:29:20.606+0000] {manager.py:507} INFO - Created Permission View: can read on DAG:example_subdag_operator
[2024-01-06T20:29:20.634+0000] {logging_mixin.py:120} INFO - [2024-01-06T20:29:20.634+0000] {manager.py:507} INFO - Created Permission View: can delete on DAG:example_subdag_operator
[2024-01-06T20:29:20.645+0000] {logging_mixin.py:120} INFO - [2024-01-06T20:29:20.645+0000] {manager.py:507} INFO - Created Permission View: can edit on DAG:example_subdag_operator
[2024-01-06T20:29:20.647+0000] {logging_mixin.py:120} INFO - [2024-01-06T20:29:20.646+0000] {dag.py:2585} INFO - Sync 3 DAGs
[2024-01-06T20:29:20.674+0000] {logging_mixin.py:120} INFO - [2024-01-06T20:29:20.674+0000] {dag.py:2606} INFO - Creating ORM DAG for example_subdag_operator
[2024-01-06T20:29:20.677+0000] {logging_mixin.py:120} INFO - [2024-01-06T20:29:20.677+0000] {dag.py:2606} INFO - Creating ORM DAG for example_subdag_operator.section-1
[2024-01-06T20:29:20.681+0000] {logging_mixin.py:120} INFO - [2024-01-06T20:29:20.681+0000] {dag.py:2606} INFO - Creating ORM DAG for example_subdag_operator.section-2
[2024-01-06T20:29:20.709+0000] {logging_mixin.py:120} INFO - [2024-01-06T20:29:20.709+0000] {dag.py:3340} INFO - Setting next_dagrun for example_subdag_operator to 2022-01-01T00:00:00+00:00, run_after=2022-01-01T00:00:00+00:00
[2024-01-06T20:29:20.713+0000] {logging_mixin.py:120} INFO - [2024-01-06T20:29:20.712+0000] {dag.py:3340} INFO - Setting next_dagrun for example_subdag_operator.section-1 to None, run_after=None
[2024-01-06T20:29:20.720+0000] {logging_mixin.py:120} INFO - [2024-01-06T20:29:20.720+0000] {dag.py:3340} INFO - Setting next_dagrun for example_subdag_operator.section-2 to None, run_after=None
[2024-01-06T20:29:20.759+0000] {logging_mixin.py:120} INFO - [2024-01-06T20:29:20.759+0000] {dag.py:2585} INFO - Sync 2 DAGs
[2024-01-06T20:29:20.776+0000] {logging_mixin.py:120} INFO - [2024-01-06T20:29:20.775+0000] {dag.py:3340} INFO - Setting next_dagrun for example_subdag_operator.section-1 to None, run_after=None
[2024-01-06T20:29:20.791+0000] {logging_mixin.py:120} INFO - [2024-01-06T20:29:20.791+0000] {dag.py:3340} INFO - Setting next_dagrun for example_subdag_operator.section-2 to None, run_after=None
[2024-01-06T20:29:20.826+0000] {processor.py:176} INFO - Processing /home/airflow/.local/lib/python3.7/site-packages/airflow/example_dags/example_subdag_operator.py took 1.374 seconds
[2024-01-06T20:30:07.257+0000] {processor.py:154} INFO - Started process (PID=150) to work on /home/airflow/.local/lib/python3.7/site-packages/airflow/example_dags/example_subdag_operator.py
[2024-01-06T20:30:07.266+0000] {processor.py:756} INFO - Processing file /home/airflow/.local/lib/python3.7/site-packages/airflow/example_dags/example_subdag_operator.py for tasks to queue
[2024-01-06T20:30:07.271+0000] {logging_mixin.py:120} INFO - [2024-01-06T20:30:07.271+0000] {dagbag.py:537} INFO - Filling up the DagBag from /home/airflow/.local/lib/python3.7/site-packages/airflow/example_dags/example_subdag_operator.py
[2024-01-06T20:30:07.567+0000] {processor.py:766} INFO - DAG(s) dict_keys(['example_subdag_operator.section-1', 'example_subdag_operator.section-2', 'example_subdag_operator']) retrieved from /home/airflow/.local/lib/python3.7/site-packages/airflow/example_dags/example_subdag_operator.py
[2024-01-06T20:30:08.961+0000] {logging_mixin.py:120} INFO - [2024-01-06T20:30:08.958+0000] {dag.py:2585} INFO - Sync 3 DAGs
[2024-01-06T20:30:09.037+0000] {logging_mixin.py:120} INFO - [2024-01-06T20:30:09.037+0000] {dag.py:3340} INFO - Setting next_dagrun for example_subdag_operator to 2022-01-01T00:00:00+00:00, run_after=2022-01-01T00:00:00+00:00
[2024-01-06T20:30:09.050+0000] {logging_mixin.py:120} INFO - [2024-01-06T20:30:09.050+0000] {dag.py:3340} INFO - Setting next_dagrun for example_subdag_operator.section-1 to None, run_after=None
[2024-01-06T20:30:09.055+0000] {logging_mixin.py:120} INFO - [2024-01-06T20:30:09.054+0000] {dag.py:3340} INFO - Setting next_dagrun for example_subdag_operator.section-2 to None, run_after=None
[2024-01-06T20:30:09.072+0000] {logging_mixin.py:120} INFO - [2024-01-06T20:30:09.072+0000] {dag.py:2585} INFO - Sync 2 DAGs
[2024-01-06T20:30:09.083+0000] {logging_mixin.py:120} INFO - [2024-01-06T20:30:09.082+0000] {dag.py:3340} INFO - Setting next_dagrun for example_subdag_operator.section-1 to None, run_after=None
[2024-01-06T20:30:09.088+0000] {logging_mixin.py:120} INFO - [2024-01-06T20:30:09.088+0000] {dag.py:3340} INFO - Setting next_dagrun for example_subdag_operator.section-2 to None, run_after=None
[2024-01-06T20:30:09.119+0000] {processor.py:176} INFO - Processing /home/airflow/.local/lib/python3.7/site-packages/airflow/example_dags/example_subdag_operator.py took 1.885 seconds
[2024-01-06T20:31:27.537+0000] {processor.py:154} INFO - Started process (PID=86) to work on /home/airflow/.local/lib/python3.7/site-packages/airflow/example_dags/example_subdag_operator.py
[2024-01-06T20:31:27.547+0000] {processor.py:756} INFO - Processing file /home/airflow/.local/lib/python3.7/site-packages/airflow/example_dags/example_subdag_operator.py for tasks to queue
[2024-01-06T20:31:27.552+0000] {logging_mixin.py:120} INFO - [2024-01-06T20:31:27.551+0000] {dagbag.py:537} INFO - Filling up the DagBag from /home/airflow/.local/lib/python3.7/site-packages/airflow/example_dags/example_subdag_operator.py
[2024-01-06T20:31:27.866+0000] {processor.py:766} INFO - DAG(s) dict_keys(['example_subdag_operator.section-1', 'example_subdag_operator.section-2', 'example_subdag_operator']) retrieved from /home/airflow/.local/lib/python3.7/site-packages/airflow/example_dags/example_subdag_operator.py
[2024-01-06T20:31:28.581+0000] {logging_mixin.py:120} INFO - [2024-01-06T20:31:28.569+0000] {dag.py:2585} INFO - Sync 3 DAGs
[2024-01-06T20:31:28.714+0000] {logging_mixin.py:120} INFO - [2024-01-06T20:31:28.713+0000] {dag.py:3340} INFO - Setting next_dagrun for example_subdag_operator to 2022-01-01T00:00:00+00:00, run_after=2022-01-01T00:00:00+00:00
[2024-01-06T20:31:28.732+0000] {logging_mixin.py:120} INFO - [2024-01-06T20:31:28.731+0000] {dag.py:3340} INFO - Setting next_dagrun for example_subdag_operator.section-1 to None, run_after=None
[2024-01-06T20:31:28.744+0000] {logging_mixin.py:120} INFO - [2024-01-06T20:31:28.743+0000] {dag.py:3340} INFO - Setting next_dagrun for example_subdag_operator.section-2 to None, run_after=None
[2024-01-06T20:31:28.800+0000] {logging_mixin.py:120} INFO - [2024-01-06T20:31:28.800+0000] {dag.py:2585} INFO - Sync 2 DAGs
[2024-01-06T20:31:28.836+0000] {logging_mixin.py:120} INFO - [2024-01-06T20:31:28.835+0000] {dag.py:3340} INFO - Setting next_dagrun for example_subdag_operator.section-1 to None, run_after=None
[2024-01-06T20:31:28.842+0000] {logging_mixin.py:120} INFO - [2024-01-06T20:31:28.842+0000] {dag.py:3340} INFO - Setting next_dagrun for example_subdag_operator.section-2 to None, run_after=None
[2024-01-06T20:31:28.965+0000] {processor.py:176} INFO - Processing /home/airflow/.local/lib/python3.7/site-packages/airflow/example_dags/example_subdag_operator.py took 1.451 seconds
[2024-01-06T20:32:48.761+0000] {processor.py:154} INFO - Started process (PID=159) to work on /home/airflow/.local/lib/python3.7/site-packages/airflow/example_dags/example_subdag_operator.py
[2024-01-06T20:32:48.770+0000] {processor.py:756} INFO - Processing file /home/airflow/.local/lib/python3.7/site-packages/airflow/example_dags/example_subdag_operator.py for tasks to queue
[2024-01-06T20:32:48.773+0000] {logging_mixin.py:120} INFO - [2024-01-06T20:32:48.773+0000] {dagbag.py:537} INFO - Filling up the DagBag from /home/airflow/.local/lib/python3.7/site-packages/airflow/example_dags/example_subdag_operator.py
[2024-01-06T20:32:48.899+0000] {processor.py:766} INFO - DAG(s) dict_keys(['example_subdag_operator.section-1', 'example_subdag_operator.section-2', 'example_subdag_operator']) retrieved from /home/airflow/.local/lib/python3.7/site-packages/airflow/example_dags/example_subdag_operator.py
[2024-01-06T20:32:49.177+0000] {logging_mixin.py:120} INFO - [2024-01-06T20:32:49.177+0000] {dag.py:2585} INFO - Sync 3 DAGs
[2024-01-06T20:32:49.213+0000] {logging_mixin.py:120} INFO - [2024-01-06T20:32:49.213+0000] {dag.py:3340} INFO - Setting next_dagrun for example_subdag_operator to 2022-01-01T00:00:00+00:00, run_after=2022-01-01T00:00:00+00:00
[2024-01-06T20:32:49.221+0000] {logging_mixin.py:120} INFO - [2024-01-06T20:32:49.221+0000] {dag.py:3340} INFO - Setting next_dagrun for example_subdag_operator.section-1 to None, run_after=None
[2024-01-06T20:32:49.226+0000] {logging_mixin.py:120} INFO - [2024-01-06T20:32:49.226+0000] {dag.py:3340} INFO - Setting next_dagrun for example_subdag_operator.section-2 to None, run_after=None
[2024-01-06T20:32:49.246+0000] {logging_mixin.py:120} INFO - [2024-01-06T20:32:49.246+0000] {dag.py:2585} INFO - Sync 2 DAGs
[2024-01-06T20:32:49.262+0000] {logging_mixin.py:120} INFO - [2024-01-06T20:32:49.262+0000] {dag.py:3340} INFO - Setting next_dagrun for example_subdag_operator.section-1 to None, run_after=None
[2024-01-06T20:32:49.266+0000] {logging_mixin.py:120} INFO - [2024-01-06T20:32:49.266+0000] {dag.py:3340} INFO - Setting next_dagrun for example_subdag_operator.section-2 to None, run_after=None
[2024-01-06T20:32:49.331+0000] {processor.py:176} INFO - Processing /home/airflow/.local/lib/python3.7/site-packages/airflow/example_dags/example_subdag_operator.py took 0.574 seconds
[2024-01-06T20:33:36.399+0000] {processor.py:154} INFO - Started process (PID=67) to work on /home/airflow/.local/lib/python3.7/site-packages/airflow/example_dags/example_subdag_operator.py
[2024-01-06T20:33:36.408+0000] {processor.py:756} INFO - Processing file /home/airflow/.local/lib/python3.7/site-packages/airflow/example_dags/example_subdag_operator.py for tasks to queue
[2024-01-06T20:33:36.416+0000] {logging_mixin.py:120} INFO - [2024-01-06T20:33:36.416+0000] {dagbag.py:537} INFO - Filling up the DagBag from /home/airflow/.local/lib/python3.7/site-packages/airflow/example_dags/example_subdag_operator.py
[2024-01-06T20:33:36.477+0000] {processor.py:766} INFO - DAG(s) dict_keys(['example_subdag_operator.section-1', 'example_subdag_operator.section-2', 'example_subdag_operator']) retrieved from /home/airflow/.local/lib/python3.7/site-packages/airflow/example_dags/example_subdag_operator.py
[2024-01-06T20:33:36.709+0000] {logging_mixin.py:120} INFO - [2024-01-06T20:33:36.708+0000] {dag.py:2585} INFO - Sync 3 DAGs
[2024-01-06T20:33:36.737+0000] {logging_mixin.py:120} INFO - [2024-01-06T20:33:36.736+0000] {dag.py:3340} INFO - Setting next_dagrun for example_subdag_operator to 2022-01-01T00:00:00+00:00, run_after=2022-01-01T00:00:00+00:00
[2024-01-06T20:33:36.742+0000] {logging_mixin.py:120} INFO - [2024-01-06T20:33:36.741+0000] {dag.py:3340} INFO - Setting next_dagrun for example_subdag_operator.section-1 to None, run_after=None
[2024-01-06T20:33:36.747+0000] {logging_mixin.py:120} INFO - [2024-01-06T20:33:36.747+0000] {dag.py:3340} INFO - Setting next_dagrun for example_subdag_operator.section-2 to None, run_after=None
[2024-01-06T20:33:36.756+0000] {logging_mixin.py:120} INFO - [2024-01-06T20:33:36.756+0000] {dag.py:2585} INFO - Sync 2 DAGs
[2024-01-06T20:33:36.771+0000] {logging_mixin.py:120} INFO - [2024-01-06T20:33:36.771+0000] {dag.py:3340} INFO - Setting next_dagrun for example_subdag_operator.section-1 to None, run_after=None
[2024-01-06T20:33:36.777+0000] {logging_mixin.py:120} INFO - [2024-01-06T20:33:36.777+0000] {dag.py:3340} INFO - Setting next_dagrun for example_subdag_operator.section-2 to None, run_after=None
[2024-01-06T20:33:36.798+0000] {processor.py:176} INFO - Processing /home/airflow/.local/lib/python3.7/site-packages/airflow/example_dags/example_subdag_operator.py took 0.403 seconds
