[2024-01-06T20:28:49.803+0000] {processor.py:154} INFO - Started process (PID=36) to work on /home/airflow/.local/lib/python3.7/site-packages/airflow/example_dags/example_local_kubernetes_executor.py
[2024-01-06T20:28:49.805+0000] {processor.py:756} INFO - Processing file /home/airflow/.local/lib/python3.7/site-packages/airflow/example_dags/example_local_kubernetes_executor.py for tasks to queue
[2024-01-06T20:28:49.812+0000] {logging_mixin.py:120} INFO - [2024-01-06T20:28:49.812+0000] {dagbag.py:537} INFO - Filling up the DagBag from /home/airflow/.local/lib/python3.7/site-packages/airflow/example_dags/example_local_kubernetes_executor.py
[2024-01-06T20:28:49.889+0000] {processor.py:766} INFO - DAG(s) dict_keys(['example_local_kubernetes_executor']) retrieved from /home/airflow/.local/lib/python3.7/site-packages/airflow/example_dags/example_local_kubernetes_executor.py
[2024-01-06T20:28:50.234+0000] {logging_mixin.py:120} INFO - [2024-01-06T20:28:50.234+0000] {manager.py:507} INFO - Created Permission View: can read on DAG:example_local_kubernetes_executor
[2024-01-06T20:28:50.245+0000] {logging_mixin.py:120} INFO - [2024-01-06T20:28:50.245+0000] {manager.py:507} INFO - Created Permission View: can delete on DAG:example_local_kubernetes_executor
[2024-01-06T20:28:50.255+0000] {logging_mixin.py:120} INFO - [2024-01-06T20:28:50.255+0000] {manager.py:507} INFO - Created Permission View: can edit on DAG:example_local_kubernetes_executor
[2024-01-06T20:28:50.261+0000] {logging_mixin.py:120} INFO - [2024-01-06T20:28:50.261+0000] {dag.py:2585} INFO - Sync 1 DAGs
[2024-01-06T20:28:50.292+0000] {logging_mixin.py:120} INFO - [2024-01-06T20:28:50.292+0000] {dag.py:2606} INFO - Creating ORM DAG for example_local_kubernetes_executor
[2024-01-06T20:28:50.308+0000] {logging_mixin.py:120} INFO - [2024-01-06T20:28:50.308+0000] {dag.py:3340} INFO - Setting next_dagrun for example_local_kubernetes_executor to None, run_after=None
[2024-01-06T20:28:50.384+0000] {processor.py:176} INFO - Processing /home/airflow/.local/lib/python3.7/site-packages/airflow/example_dags/example_local_kubernetes_executor.py took 0.585 seconds
[2024-01-06T20:29:24.095+0000] {processor.py:154} INFO - Started process (PID=91) to work on /home/airflow/.local/lib/python3.7/site-packages/airflow/example_dags/example_local_kubernetes_executor.py
[2024-01-06T20:29:24.096+0000] {processor.py:756} INFO - Processing file /home/airflow/.local/lib/python3.7/site-packages/airflow/example_dags/example_local_kubernetes_executor.py for tasks to queue
[2024-01-06T20:29:24.098+0000] {logging_mixin.py:120} INFO - [2024-01-06T20:29:24.098+0000] {dagbag.py:537} INFO - Filling up the DagBag from /home/airflow/.local/lib/python3.7/site-packages/airflow/example_dags/example_local_kubernetes_executor.py
[2024-01-06T20:29:24.122+0000] {processor.py:766} INFO - DAG(s) dict_keys(['example_local_kubernetes_executor']) retrieved from /home/airflow/.local/lib/python3.7/site-packages/airflow/example_dags/example_local_kubernetes_executor.py
[2024-01-06T20:29:24.161+0000] {logging_mixin.py:120} INFO - [2024-01-06T20:29:24.161+0000] {dag.py:2585} INFO - Sync 1 DAGs
[2024-01-06T20:29:24.195+0000] {logging_mixin.py:120} INFO - [2024-01-06T20:29:24.195+0000] {dag.py:3340} INFO - Setting next_dagrun for example_local_kubernetes_executor to None, run_after=None
[2024-01-06T20:29:24.215+0000] {processor.py:176} INFO - Processing /home/airflow/.local/lib/python3.7/site-packages/airflow/example_dags/example_local_kubernetes_executor.py took 0.123 seconds
[2024-01-06T20:29:58.078+0000] {processor.py:154} INFO - Started process (PID=128) to work on /home/airflow/.local/lib/python3.7/site-packages/airflow/example_dags/example_local_kubernetes_executor.py
[2024-01-06T20:29:58.114+0000] {processor.py:756} INFO - Processing file /home/airflow/.local/lib/python3.7/site-packages/airflow/example_dags/example_local_kubernetes_executor.py for tasks to queue
[2024-01-06T20:29:58.127+0000] {logging_mixin.py:120} INFO - [2024-01-06T20:29:58.126+0000] {dagbag.py:537} INFO - Filling up the DagBag from /home/airflow/.local/lib/python3.7/site-packages/airflow/example_dags/example_local_kubernetes_executor.py
[2024-01-06T20:29:58.250+0000] {processor.py:766} INFO - DAG(s) dict_keys(['example_local_kubernetes_executor']) retrieved from /home/airflow/.local/lib/python3.7/site-packages/airflow/example_dags/example_local_kubernetes_executor.py
[2024-01-06T20:29:58.604+0000] {logging_mixin.py:120} INFO - [2024-01-06T20:29:58.602+0000] {dag.py:2585} INFO - Sync 1 DAGs
[2024-01-06T20:29:58.768+0000] {logging_mixin.py:120} INFO - [2024-01-06T20:29:58.766+0000] {dag.py:3340} INFO - Setting next_dagrun for example_local_kubernetes_executor to None, run_after=None
[2024-01-06T20:29:58.952+0000] {processor.py:176} INFO - Processing /home/airflow/.local/lib/python3.7/site-packages/airflow/example_dags/example_local_kubernetes_executor.py took 0.882 seconds
