[2024-01-06T20:28:49.804+0000] {processor.py:154} INFO - Started process (PID=37) to work on /home/airflow/.local/lib/python3.7/site-packages/airflow/example_dags/example_external_task_marker_dag.py
[2024-01-06T20:28:49.808+0000] {processor.py:756} INFO - Processing file /home/airflow/.local/lib/python3.7/site-packages/airflow/example_dags/example_external_task_marker_dag.py for tasks to queue
[2024-01-06T20:28:49.811+0000] {logging_mixin.py:120} INFO - [2024-01-06T20:28:49.811+0000] {dagbag.py:537} INFO - Filling up the DagBag from /home/airflow/.local/lib/python3.7/site-packages/airflow/example_dags/example_external_task_marker_dag.py
[2024-01-06T20:28:49.888+0000] {processor.py:766} INFO - DAG(s) dict_keys(['example_external_task_marker_child', 'example_external_task_marker_parent']) retrieved from /home/airflow/.local/lib/python3.7/site-packages/airflow/example_dags/example_external_task_marker_dag.py
[2024-01-06T20:28:50.235+0000] {logging_mixin.py:120} INFO - [2024-01-06T20:28:50.235+0000] {manager.py:507} INFO - Created Permission View: can read on DAG:example_external_task_marker_child
[2024-01-06T20:28:50.247+0000] {logging_mixin.py:120} INFO - [2024-01-06T20:28:50.247+0000] {manager.py:507} INFO - Created Permission View: can delete on DAG:example_external_task_marker_child
[2024-01-06T20:28:50.258+0000] {logging_mixin.py:120} INFO - [2024-01-06T20:28:50.258+0000] {manager.py:507} INFO - Created Permission View: can edit on DAG:example_external_task_marker_child
[2024-01-06T20:28:50.301+0000] {logging_mixin.py:120} INFO - [2024-01-06T20:28:50.301+0000] {manager.py:507} INFO - Created Permission View: can read on DAG:example_external_task_marker_parent
[2024-01-06T20:28:50.311+0000] {logging_mixin.py:120} INFO - [2024-01-06T20:28:50.311+0000] {manager.py:507} INFO - Created Permission View: can delete on DAG:example_external_task_marker_parent
[2024-01-06T20:28:50.325+0000] {logging_mixin.py:120} INFO - [2024-01-06T20:28:50.324+0000] {manager.py:507} INFO - Created Permission View: can edit on DAG:example_external_task_marker_parent
[2024-01-06T20:28:50.327+0000] {logging_mixin.py:120} INFO - [2024-01-06T20:28:50.326+0000] {dag.py:2585} INFO - Sync 2 DAGs
[2024-01-06T20:28:50.382+0000] {logging_mixin.py:120} INFO - [2024-01-06T20:28:50.382+0000] {dag.py:2606} INFO - Creating ORM DAG for example_external_task_marker_child
[2024-01-06T20:28:50.394+0000] {logging_mixin.py:120} INFO - [2024-01-06T20:28:50.391+0000] {dag.py:2606} INFO - Creating ORM DAG for example_external_task_marker_parent
[2024-01-06T20:28:50.420+0000] {logging_mixin.py:120} INFO - [2024-01-06T20:28:50.420+0000] {dag.py:3340} INFO - Setting next_dagrun for example_external_task_marker_child to None, run_after=None
[2024-01-06T20:28:50.423+0000] {logging_mixin.py:120} INFO - [2024-01-06T20:28:50.422+0000] {dag.py:3340} INFO - Setting next_dagrun for example_external_task_marker_parent to None, run_after=None
[2024-01-06T20:28:50.465+0000] {processor.py:176} INFO - Processing /home/airflow/.local/lib/python3.7/site-packages/airflow/example_dags/example_external_task_marker_dag.py took 0.664 seconds
[2024-01-06T20:29:24.260+0000] {processor.py:154} INFO - Started process (PID=92) to work on /home/airflow/.local/lib/python3.7/site-packages/airflow/example_dags/example_external_task_marker_dag.py
[2024-01-06T20:29:24.264+0000] {processor.py:756} INFO - Processing file /home/airflow/.local/lib/python3.7/site-packages/airflow/example_dags/example_external_task_marker_dag.py for tasks to queue
[2024-01-06T20:29:24.266+0000] {logging_mixin.py:120} INFO - [2024-01-06T20:29:24.265+0000] {dagbag.py:537} INFO - Filling up the DagBag from /home/airflow/.local/lib/python3.7/site-packages/airflow/example_dags/example_external_task_marker_dag.py
[2024-01-06T20:29:24.294+0000] {processor.py:766} INFO - DAG(s) dict_keys(['example_external_task_marker_parent', 'example_external_task_marker_child']) retrieved from /home/airflow/.local/lib/python3.7/site-packages/airflow/example_dags/example_external_task_marker_dag.py
[2024-01-06T20:29:24.627+0000] {logging_mixin.py:120} INFO - [2024-01-06T20:29:24.626+0000] {dag.py:2585} INFO - Sync 2 DAGs
[2024-01-06T20:29:24.721+0000] {logging_mixin.py:120} INFO - [2024-01-06T20:29:24.721+0000] {dag.py:3340} INFO - Setting next_dagrun for example_external_task_marker_child to None, run_after=None
[2024-01-06T20:29:24.735+0000] {logging_mixin.py:120} INFO - [2024-01-06T20:29:24.734+0000] {dag.py:3340} INFO - Setting next_dagrun for example_external_task_marker_parent to None, run_after=None
[2024-01-06T20:29:24.812+0000] {processor.py:176} INFO - Processing /home/airflow/.local/lib/python3.7/site-packages/airflow/example_dags/example_external_task_marker_dag.py took 0.561 seconds
[2024-01-06T20:29:58.309+0000] {processor.py:154} INFO - Started process (PID=129) to work on /home/airflow/.local/lib/python3.7/site-packages/airflow/example_dags/example_external_task_marker_dag.py
[2024-01-06T20:29:58.312+0000] {processor.py:756} INFO - Processing file /home/airflow/.local/lib/python3.7/site-packages/airflow/example_dags/example_external_task_marker_dag.py for tasks to queue
[2024-01-06T20:29:58.316+0000] {logging_mixin.py:120} INFO - [2024-01-06T20:29:58.315+0000] {dagbag.py:537} INFO - Filling up the DagBag from /home/airflow/.local/lib/python3.7/site-packages/airflow/example_dags/example_external_task_marker_dag.py
[2024-01-06T20:29:58.368+0000] {processor.py:766} INFO - DAG(s) dict_keys(['example_external_task_marker_child', 'example_external_task_marker_parent']) retrieved from /home/airflow/.local/lib/python3.7/site-packages/airflow/example_dags/example_external_task_marker_dag.py
[2024-01-06T20:29:59.479+0000] {logging_mixin.py:120} INFO - [2024-01-06T20:29:59.478+0000] {dag.py:2585} INFO - Sync 2 DAGs
[2024-01-06T20:29:59.623+0000] {logging_mixin.py:120} INFO - [2024-01-06T20:29:59.622+0000] {dag.py:3340} INFO - Setting next_dagrun for example_external_task_marker_child to None, run_after=None
[2024-01-06T20:29:59.658+0000] {logging_mixin.py:120} INFO - [2024-01-06T20:29:59.658+0000] {dag.py:3340} INFO - Setting next_dagrun for example_external_task_marker_parent to None, run_after=None
[2024-01-06T20:29:59.819+0000] {processor.py:176} INFO - Processing /home/airflow/.local/lib/python3.7/site-packages/airflow/example_dags/example_external_task_marker_dag.py took 1.521 seconds
[2024-01-06T20:31:19.358+0000] {processor.py:154} INFO - Started process (PID=55) to work on /home/airflow/.local/lib/python3.7/site-packages/airflow/example_dags/example_external_task_marker_dag.py
[2024-01-06T20:31:19.366+0000] {processor.py:756} INFO - Processing file /home/airflow/.local/lib/python3.7/site-packages/airflow/example_dags/example_external_task_marker_dag.py for tasks to queue
[2024-01-06T20:31:19.369+0000] {logging_mixin.py:120} INFO - [2024-01-06T20:31:19.369+0000] {dagbag.py:537} INFO - Filling up the DagBag from /home/airflow/.local/lib/python3.7/site-packages/airflow/example_dags/example_external_task_marker_dag.py
[2024-01-06T20:31:19.536+0000] {processor.py:766} INFO - DAG(s) dict_keys(['example_external_task_marker_child', 'example_external_task_marker_parent']) retrieved from /home/airflow/.local/lib/python3.7/site-packages/airflow/example_dags/example_external_task_marker_dag.py
[2024-01-06T20:31:20.749+0000] {logging_mixin.py:120} INFO - [2024-01-06T20:31:20.749+0000] {dag.py:2585} INFO - Sync 2 DAGs
[2024-01-06T20:31:20.801+0000] {logging_mixin.py:120} INFO - [2024-01-06T20:31:20.800+0000] {dag.py:3340} INFO - Setting next_dagrun for example_external_task_marker_child to None, run_after=None
[2024-01-06T20:31:20.810+0000] {logging_mixin.py:120} INFO - [2024-01-06T20:31:20.810+0000] {dag.py:3340} INFO - Setting next_dagrun for example_external_task_marker_parent to None, run_after=None
[2024-01-06T20:31:20.910+0000] {processor.py:176} INFO - Processing /home/airflow/.local/lib/python3.7/site-packages/airflow/example_dags/example_external_task_marker_dag.py took 1.557 seconds
[2024-01-06T20:32:02.821+0000] {processor.py:154} INFO - Started process (PID=120) to work on /home/airflow/.local/lib/python3.7/site-packages/airflow/example_dags/example_external_task_marker_dag.py
[2024-01-06T20:32:02.846+0000] {processor.py:756} INFO - Processing file /home/airflow/.local/lib/python3.7/site-packages/airflow/example_dags/example_external_task_marker_dag.py for tasks to queue
[2024-01-06T20:32:02.869+0000] {logging_mixin.py:120} INFO - [2024-01-06T20:32:02.868+0000] {dagbag.py:537} INFO - Filling up the DagBag from /home/airflow/.local/lib/python3.7/site-packages/airflow/example_dags/example_external_task_marker_dag.py
[2024-01-06T20:32:10.037+0000] {processor.py:766} INFO - DAG(s) dict_keys(['example_external_task_marker_child', 'example_external_task_marker_parent']) retrieved from /home/airflow/.local/lib/python3.7/site-packages/airflow/example_dags/example_external_task_marker_dag.py
[2024-01-06T20:32:28.298+0000] {logging_mixin.py:120} INFO - [2024-01-06T20:32:26.567+0000] {dag.py:2585} INFO - Sync 2 DAGs
[2024-01-06T20:32:36.908+0000] {logging_mixin.py:120} INFO - [2024-01-06T20:32:36.899+0000] {dag.py:3340} INFO - Setting next_dagrun for example_external_task_marker_child to None, run_after=None
[2024-01-06T20:32:36.975+0000] {logging_mixin.py:120} INFO - [2024-01-06T20:32:36.975+0000] {dag.py:3340} INFO - Setting next_dagrun for example_external_task_marker_parent to None, run_after=None
[2024-01-06T20:32:37.860+0000] {processor.py:176} INFO - Processing /home/airflow/.local/lib/python3.7/site-packages/airflow/example_dags/example_external_task_marker_dag.py took 35.170 seconds
[2024-01-06T20:33:33.565+0000] {processor.py:154} INFO - Started process (PID=46) to work on /home/airflow/.local/lib/python3.7/site-packages/airflow/example_dags/example_external_task_marker_dag.py
[2024-01-06T20:33:33.568+0000] {processor.py:756} INFO - Processing file /home/airflow/.local/lib/python3.7/site-packages/airflow/example_dags/example_external_task_marker_dag.py for tasks to queue
[2024-01-06T20:33:33.570+0000] {logging_mixin.py:120} INFO - [2024-01-06T20:33:33.570+0000] {dagbag.py:537} INFO - Filling up the DagBag from /home/airflow/.local/lib/python3.7/site-packages/airflow/example_dags/example_external_task_marker_dag.py
[2024-01-06T20:33:33.622+0000] {processor.py:766} INFO - DAG(s) dict_keys(['example_external_task_marker_child', 'example_external_task_marker_parent']) retrieved from /home/airflow/.local/lib/python3.7/site-packages/airflow/example_dags/example_external_task_marker_dag.py
[2024-01-06T20:33:34.196+0000] {logging_mixin.py:120} INFO - [2024-01-06T20:33:34.196+0000] {dag.py:2585} INFO - Sync 2 DAGs
[2024-01-06T20:33:34.217+0000] {logging_mixin.py:120} INFO - [2024-01-06T20:33:34.216+0000] {dag.py:3340} INFO - Setting next_dagrun for example_external_task_marker_child to None, run_after=None
[2024-01-06T20:33:34.221+0000] {logging_mixin.py:120} INFO - [2024-01-06T20:33:34.221+0000] {dag.py:3340} INFO - Setting next_dagrun for example_external_task_marker_parent to None, run_after=None
[2024-01-06T20:33:34.266+0000] {processor.py:176} INFO - Processing /home/airflow/.local/lib/python3.7/site-packages/airflow/example_dags/example_external_task_marker_dag.py took 0.706 seconds
