[2024-01-06T20:28:50.451+0000] {processor.py:154} INFO - Started process (PID=38) to work on /home/airflow/.local/lib/python3.7/site-packages/airflow/example_dags/tutorial_dag.py
[2024-01-06T20:28:50.454+0000] {processor.py:756} INFO - Processing file /home/airflow/.local/lib/python3.7/site-packages/airflow/example_dags/tutorial_dag.py for tasks to queue
[2024-01-06T20:28:50.457+0000] {logging_mixin.py:120} INFO - [2024-01-06T20:28:50.457+0000] {dagbag.py:537} INFO - Filling up the DagBag from /home/airflow/.local/lib/python3.7/site-packages/airflow/example_dags/tutorial_dag.py
[2024-01-06T20:28:50.475+0000] {processor.py:766} INFO - DAG(s) dict_keys(['tutorial_dag']) retrieved from /home/airflow/.local/lib/python3.7/site-packages/airflow/example_dags/tutorial_dag.py
[2024-01-06T20:28:50.986+0000] {logging_mixin.py:120} INFO - [2024-01-06T20:28:50.986+0000] {manager.py:507} INFO - Created Permission View: can read on DAG:tutorial_dag
[2024-01-06T20:28:51.048+0000] {logging_mixin.py:120} INFO - [2024-01-06T20:28:51.048+0000] {manager.py:507} INFO - Created Permission View: can delete on DAG:tutorial_dag
[2024-01-06T20:28:51.085+0000] {logging_mixin.py:120} INFO - [2024-01-06T20:28:51.083+0000] {manager.py:507} INFO - Created Permission View: can edit on DAG:tutorial_dag
[2024-01-06T20:28:51.091+0000] {logging_mixin.py:120} INFO - [2024-01-06T20:28:51.090+0000] {dag.py:2585} INFO - Sync 1 DAGs
[2024-01-06T20:28:51.113+0000] {logging_mixin.py:120} INFO - [2024-01-06T20:28:51.112+0000] {dag.py:2606} INFO - Creating ORM DAG for tutorial_dag
[2024-01-06T20:28:51.245+0000] {logging_mixin.py:120} INFO - [2024-01-06T20:28:51.235+0000] {dag.py:3340} INFO - Setting next_dagrun for tutorial_dag to None, run_after=None
[2024-01-06T20:28:51.401+0000] {processor.py:176} INFO - Processing /home/airflow/.local/lib/python3.7/site-packages/airflow/example_dags/tutorial_dag.py took 0.953 seconds
[2024-01-06T20:29:24.268+0000] {processor.py:154} INFO - Started process (PID=93) to work on /home/airflow/.local/lib/python3.7/site-packages/airflow/example_dags/tutorial_dag.py
[2024-01-06T20:29:24.274+0000] {processor.py:756} INFO - Processing file /home/airflow/.local/lib/python3.7/site-packages/airflow/example_dags/tutorial_dag.py for tasks to queue
[2024-01-06T20:29:24.278+0000] {logging_mixin.py:120} INFO - [2024-01-06T20:29:24.278+0000] {dagbag.py:537} INFO - Filling up the DagBag from /home/airflow/.local/lib/python3.7/site-packages/airflow/example_dags/tutorial_dag.py
[2024-01-06T20:29:24.299+0000] {processor.py:766} INFO - DAG(s) dict_keys(['tutorial_dag']) retrieved from /home/airflow/.local/lib/python3.7/site-packages/airflow/example_dags/tutorial_dag.py
[2024-01-06T20:29:24.431+0000] {logging_mixin.py:120} INFO - [2024-01-06T20:29:24.431+0000] {dag.py:2585} INFO - Sync 1 DAGs
[2024-01-06T20:29:24.476+0000] {logging_mixin.py:120} INFO - [2024-01-06T20:29:24.475+0000] {dag.py:3340} INFO - Setting next_dagrun for tutorial_dag to None, run_after=None
[2024-01-06T20:29:24.529+0000] {processor.py:176} INFO - Processing /home/airflow/.local/lib/python3.7/site-packages/airflow/example_dags/tutorial_dag.py took 0.266 seconds
[2024-01-06T20:29:59.246+0000] {processor.py:154} INFO - Started process (PID=136) to work on /home/airflow/.local/lib/python3.7/site-packages/airflow/example_dags/tutorial_dag.py
[2024-01-06T20:29:59.278+0000] {processor.py:756} INFO - Processing file /home/airflow/.local/lib/python3.7/site-packages/airflow/example_dags/tutorial_dag.py for tasks to queue
[2024-01-06T20:29:59.285+0000] {logging_mixin.py:120} INFO - [2024-01-06T20:29:59.284+0000] {dagbag.py:537} INFO - Filling up the DagBag from /home/airflow/.local/lib/python3.7/site-packages/airflow/example_dags/tutorial_dag.py
[2024-01-06T20:29:59.480+0000] {processor.py:766} INFO - DAG(s) dict_keys(['tutorial_dag']) retrieved from /home/airflow/.local/lib/python3.7/site-packages/airflow/example_dags/tutorial_dag.py
[2024-01-06T20:29:59.765+0000] {logging_mixin.py:120} INFO - [2024-01-06T20:29:59.765+0000] {dag.py:2585} INFO - Sync 1 DAGs
[2024-01-06T20:29:59.965+0000] {logging_mixin.py:120} INFO - [2024-01-06T20:29:59.964+0000] {dag.py:3340} INFO - Setting next_dagrun for tutorial_dag to None, run_after=None
[2024-01-06T20:30:00.158+0000] {processor.py:176} INFO - Processing /home/airflow/.local/lib/python3.7/site-packages/airflow/example_dags/tutorial_dag.py took 0.945 seconds
